[2026-05-15 13:32:11] STEP 0 — Preflight checks

── 1. Core tools ────────────────────────────────────────
  [ OK ] STAR
  [ OK ] samtools
  [ OK ] bedtools
  [ OK ] fastqc
  [ OK ] trim_galore
  [ OK ] fastqc
  [ OK ] multiqc
  [ OK ] Rscript

── 2. bedGraphToBigWig ────────────────────────────────────────
  [ OK ] bedGraphToBigWig: /home/micgdu/kentutils//bedGraphToBigWig

── 3. R packages ────────────────────────────────────────
  [ OK ] R: DESeq2
  [ OK ] R: apeglm
  [ OK ] R: Rsamtools
  [ OK ] R: GenomicAlignments
  [ OK ] R: rtracklayer
  [ OK ] R: GenomicFeatures
  [ OK ] R: GenomicRanges
  [ OK ] R: vsn
  [ OK ] R: pheatmap
  [ OK ] R: RColorBrewer
  [ OK ] R: ggplot2
  [ OK ] R: data.table
  [ OK ] R: optparse
  [ OK ] R: knitr
  [ OK ] R: kableExtra
  [ OK ] R: rmarkdown

── 4. RSeQC ────────────────────────────────────────
  [ OK ] RSeQC: infer_experiment.py (PATH)
  [ OK ] RSeQC: read_distribution.py (PATH)
  [ OK ] RSeQC: geneBody_coverage.py (PATH)
  [ OK ] RSeQC: junction_annotation.py (PATH)
  [ OK ] RSeQC: junction_saturation.py (PATH)

── 5. RSeQC BED ────────────────────────────────────────
  [ OK ] RSEQC_BED: /home/micgdu/GenomicData/genomesDec2022/gencode.v42.primary_assembly.annotation.bed

── 6. Genome files ────────────────────────────────────────
  [ OK ] STAR index: /home/micgdu/GenomicData/genomicIndices/hsapiens/STAR/STAR-2.7.11b_GRCh38_150bp
  [ OK ] GTF: /home/micgdu/GenomicData/genomesDec2022/gencode.v42.primary_assembly.annotation.gtf
  [ OK ] chrom.sizes: /home/micgdu/GenomicData/genomesDec2022/hs38n.chrom.sizes

── 7. Samplesheet ────────────────────────────────────────
  [ OK ] Samplesheet: 9 samples

════════════════════════════════════════
Preflight: 0 FAIL  0 WARN
════════════════════════════════════════
Preflight passed.
[2026-05-15 13:32:50] STEP 1 — Output: /home/micgdu/Analysis/Malewicz_LYAR/RNAseqAnalysis/
[2026-05-15 13:32:50] Loaded 9 samples  layout=PE  species=human
[2026-05-15 13:32:50] STEP 2 — FastQC raw
application/gzip
application/gzip
application/gzip
application/gzip
application/gzip
application/gzip
application/gzip
application/gzip
application/gzip
Started analysis of R_KO_1_2_1__ERR14875941_1.fq.gz
application/gzip
application/gzip
Started analysis of R_KO_1_3_1__ERR14875942_1.fq.gz
Started analysis of KO_12_2_1__ERR14875938_1.fq.gz
application/gzip
Started analysis of WT_8_2_1__ERR14875944_1.fq.gz
application/gzip
Started analysis of R_KO_1_1_1__ERR14875940_1.fq.gz
application/gzip
Started analysis of KO_12_3_1__ERR14875939_1.fq.gz
application/gzip
Started analysis of WT_8_1_1__ERR14875943_1.fq.gz
application/gzip
Started analysis of KO_12_1_1__ERR14875937_1.fq.gz
Started analysis of R_KO_1_2_2__ERR14875941_2.fq.gz
Started analysis of R_KO_1_3_2__ERR14875942_2.fq.gz
Started analysis of KO_12_2_2__ERR14875938_2.fq.gz
Started analysis of WT_8_2_2__ERR14875944_2.fq.gz
Started analysis of R_KO_1_1_2__ERR14875940_2.fq.gz
Started analysis of KO_12_3_2__ERR14875939_2.fq.gz
Started analysis of WT_8_1_2__ERR14875943_2.fq.gz
Started analysis of KO_12_1_2__ERR14875937_2.fq.gz
Approx 5% complete for KO_12_3_1__ERR14875939_1.fq.gz
Approx 5% complete for WT_8_2_1__ERR14875944_1.fq.gz
Approx 5% complete for WT_8_2_2__ERR14875944_2.fq.gz
Approx 5% complete for KO_12_3_2__ERR14875939_2.fq.gz
Approx 5% complete for WT_8_1_1__ERR14875943_1.fq.gz
Approx 5% complete for WT_8_1_2__ERR14875943_2.fq.gz
Approx 5% complete for R_KO_1_3_2__ERR14875942_2.fq.gz
Approx 5% complete for R_KO_1_3_1__ERR14875942_1.fq.gz
Approx 5% complete for KO_12_2_1__ERR14875938_1.fq.gz
Approx 5% complete for KO_12_1_2__ERR14875937_2.fq.gz
Approx 5% complete for KO_12_1_1__ERR14875937_1.fq.gz
Approx 5% complete for KO_12_2_2__ERR14875938_2.fq.gz
Approx 5% complete for R_KO_1_2_1__ERR14875941_1.fq.gz
Approx 5% complete for R_KO_1_2_2__ERR14875941_2.fq.gz
Approx 5% complete for R_KO_1_1_1__ERR14875940_1.fq.gz
Approx 5% complete for R_KO_1_1_2__ERR14875940_2.fq.gz
Approx 10% complete for KO_12_3_1__ERR14875939_1.fq.gz
Approx 10% complete for WT_8_2_1__ERR14875944_1.fq.gz
Approx 10% complete for WT_8_2_2__ERR14875944_2.fq.gz
Approx 10% complete for KO_12_3_2__ERR14875939_2.fq.gz
Approx 10% complete for WT_8_1_1__ERR14875943_1.fq.gz
Approx 10% complete for WT_8_1_2__ERR14875943_2.fq.gz
Approx 10% complete for R_KO_1_3_2__ERR14875942_2.fq.gz
Approx 10% complete for R_KO_1_3_1__ERR14875942_1.fq.gz
Approx 10% complete for KO_12_2_1__ERR14875938_1.fq.gz
Approx 10% complete for R_KO_1_2_1__ERR14875941_1.fq.gz
Approx 10% complete for KO_12_1_2__ERR14875937_2.fq.gz
Approx 10% complete for R_KO_1_2_2__ERR14875941_2.fq.gz
Approx 10% complete for KO_12_2_2__ERR14875938_2.fq.gz
Approx 10% complete for KO_12_1_1__ERR14875937_1.fq.gz
Approx 15% complete for KO_12_3_1__ERR14875939_1.fq.gz
Approx 15% complete for WT_8_2_1__ERR14875944_1.fq.gz
Approx 15% complete for KO_12_3_2__ERR14875939_2.fq.gz
Approx 15% complete for WT_8_2_2__ERR14875944_2.fq.gz
Approx 10% complete for R_KO_1_1_1__ERR14875940_1.fq.gz
Approx 10% complete for R_KO_1_1_2__ERR14875940_2.fq.gz
Approx 15% complete for WT_8_1_1__ERR14875943_1.fq.gz
Approx 15% complete for WT_8_1_2__ERR14875943_2.fq.gz
Approx 15% complete for R_KO_1_3_2__ERR14875942_2.fq.gz
Approx 15% complete for R_KO_1_3_1__ERR14875942_1.fq.gz
Approx 20% complete for KO_12_3_1__ERR14875939_1.fq.gz
Approx 20% complete for WT_8_2_1__ERR14875944_1.fq.gz
Approx 20% complete for KO_12_3_2__ERR14875939_2.fq.gz
Approx 20% complete for WT_8_2_2__ERR14875944_2.fq.gz
Approx 15% complete for KO_12_2_1__ERR14875938_1.fq.gz
Approx 15% complete for R_KO_1_2_1__ERR14875941_1.fq.gz
Approx 15% complete for KO_12_1_2__ERR14875937_2.fq.gz
Approx 15% complete for R_KO_1_2_2__ERR14875941_2.fq.gz
Approx 15% complete for KO_12_2_2__ERR14875938_2.fq.gz
Approx 15% complete for KO_12_1_1__ERR14875937_1.fq.gz
Approx 20% complete for WT_8_1_1__ERR14875943_1.fq.gz
Approx 25% complete for KO_12_3_1__ERR14875939_1.fq.gz
Approx 20% complete for WT_8_1_2__ERR14875943_2.fq.gz
Approx 20% complete for R_KO_1_3_2__ERR14875942_2.fq.gz
Approx 20% complete for R_KO_1_3_1__ERR14875942_1.fq.gz
Approx 25% complete for KO_12_3_2__ERR14875939_2.fq.gz
Approx 25% complete for WT_8_2_1__ERR14875944_1.fq.gz
Approx 25% complete for WT_8_2_2__ERR14875944_2.fq.gz
Approx 15% complete for R_KO_1_1_1__ERR14875940_1.fq.gz
Approx 15% complete for R_KO_1_1_2__ERR14875940_2.fq.gz
Approx 20% complete for KO_12_2_1__ERR14875938_1.fq.gz
Approx 20% complete for R_KO_1_2_1__ERR14875941_1.fq.gz
Approx 20% complete for R_KO_1_2_2__ERR14875941_2.fq.gz
Approx 20% complete for KO_12_1_2__ERR14875937_2.fq.gz
Approx 20% complete for KO_12_2_2__ERR14875938_2.fq.gz
Approx 20% complete for KO_12_1_1__ERR14875937_1.fq.gz
Approx 30% complete for KO_12_3_1__ERR14875939_1.fq.gz
Approx 25% complete for WT_8_1_1__ERR14875943_1.fq.gz
Approx 25% complete for R_KO_1_3_2__ERR14875942_2.fq.gz
Approx 30% complete for KO_12_3_2__ERR14875939_2.fq.gz
Approx 30% complete for WT_8_2_1__ERR14875944_1.fq.gz
Approx 25% complete for WT_8_1_2__ERR14875943_2.fq.gz
Approx 25% complete for R_KO_1_3_1__ERR14875942_1.fq.gz
Approx 30% complete for WT_8_2_2__ERR14875944_2.fq.gz
Approx 35% complete for KO_12_3_1__ERR14875939_1.fq.gz
Approx 25% complete for R_KO_1_2_1__ERR14875941_1.fq.gz
Approx 25% complete for KO_12_2_1__ERR14875938_1.fq.gz
Approx 35% complete for KO_12_3_2__ERR14875939_2.fq.gz
Approx 25% complete for R_KO_1_2_2__ERR14875941_2.fq.gz
Approx 20% complete for R_KO_1_1_1__ERR14875940_1.fq.gz
Approx 25% complete for KO_12_1_2__ERR14875937_2.fq.gz
Approx 35% complete for WT_8_2_1__ERR14875944_1.fq.gz
Approx 20% complete for R_KO_1_1_2__ERR14875940_2.fq.gz
Approx 25% complete for KO_12_2_2__ERR14875938_2.fq.gz
Approx 25% complete for KO_12_1_1__ERR14875937_1.fq.gz
Approx 35% complete for WT_8_2_2__ERR14875944_2.fq.gz
Approx 30% complete for WT_8_1_1__ERR14875943_1.fq.gz
Approx 30% complete for R_KO_1_3_2__ERR14875942_2.fq.gz
Approx 30% complete for WT_8_1_2__ERR14875943_2.fq.gz
Approx 30% complete for R_KO_1_3_1__ERR14875942_1.fq.gz
Approx 40% complete for KO_12_3_1__ERR14875939_1.fq.gz
Approx 40% complete for KO_12_3_2__ERR14875939_2.fq.gz
Approx 40% complete for WT_8_2_1__ERR14875944_1.fq.gz
Approx 40% complete for WT_8_2_2__ERR14875944_2.fq.gz
Approx 30% complete for R_KO_1_2_1__ERR14875941_1.fq.gz
Approx 30% complete for KO_12_2_1__ERR14875938_1.fq.gz
Approx 35% complete for R_KO_1_3_2__ERR14875942_2.fq.gz
Approx 30% complete for R_KO_1_2_2__ERR14875941_2.fq.gz
Approx 35% complete for WT_8_1_1__ERR14875943_1.fq.gz
Approx 35% complete for R_KO_1_3_1__ERR14875942_1.fq.gz
Approx 35% complete for WT_8_1_2__ERR14875943_2.fq.gz
Approx 30% complete for KO_12_1_2__ERR14875937_2.fq.gz
Approx 30% complete for KO_12_2_2__ERR14875938_2.fq.gz
Approx 30% complete for KO_12_1_1__ERR14875937_1.fq.gz
Approx 45% complete for KO_12_3_1__ERR14875939_1.fq.gz
Approx 25% complete for R_KO_1_1_1__ERR14875940_1.fq.gz
Approx 25% complete for R_KO_1_1_2__ERR14875940_2.fq.gz
Approx 45% complete for KO_12_3_2__ERR14875939_2.fq.gz
Approx 45% complete for WT_8_2_1__ERR14875944_1.fq.gz
Approx 45% complete for WT_8_2_2__ERR14875944_2.fq.gz
Approx 40% complete for R_KO_1_3_2__ERR14875942_2.fq.gz
Approx 40% complete for WT_8_1_1__ERR14875943_1.fq.gz
Approx 40% complete for R_KO_1_3_1__ERR14875942_1.fq.gz
Approx 50% complete for KO_12_3_1__ERR14875939_1.fq.gz
Approx 40% complete for WT_8_1_2__ERR14875943_2.fq.gz
Approx 35% complete for R_KO_1_2_1__ERR14875941_1.fq.gz
Approx 35% complete for KO_12_2_1__ERR14875938_1.fq.gz
Approx 35% complete for R_KO_1_2_2__ERR14875941_2.fq.gz
Approx 35% complete for KO_12_1_2__ERR14875937_2.fq.gz
Approx 35% complete for KO_12_2_2__ERR14875938_2.fq.gz
Approx 50% complete for KO_12_3_2__ERR14875939_2.fq.gz
Approx 35% complete for KO_12_1_1__ERR14875937_1.fq.gz
Approx 50% complete for WT_8_2_1__ERR14875944_1.fq.gz
Approx 50% complete for WT_8_2_2__ERR14875944_2.fq.gz
Approx 55% complete for KO_12_3_1__ERR14875939_1.fq.gz
Approx 30% complete for R_KO_1_1_1__ERR14875940_1.fq.gz
Approx 45% complete for R_KO_1_3_2__ERR14875942_2.fq.gz
Approx 30% complete for R_KO_1_1_2__ERR14875940_2.fq.gz
Approx 45% complete for WT_8_1_1__ERR14875943_1.fq.gz
Approx 45% complete for R_KO_1_3_1__ERR14875942_1.fq.gz
Approx 45% complete for WT_8_1_2__ERR14875943_2.fq.gz
Approx 55% complete for KO_12_3_2__ERR14875939_2.fq.gz
Approx 40% complete for R_KO_1_2_1__ERR14875941_1.fq.gz
Approx 40% complete for KO_12_2_1__ERR14875938_1.fq.gz
Approx 55% complete for WT_8_2_1__ERR14875944_1.fq.gz
Approx 40% complete for R_KO_1_2_2__ERR14875941_2.fq.gz
Approx 40% complete for KO_12_1_2__ERR14875937_2.fq.gz
Approx 55% complete for WT_8_2_2__ERR14875944_2.fq.gz
Approx 40% complete for KO_12_2_2__ERR14875938_2.fq.gz
Approx 40% complete for KO_12_1_1__ERR14875937_1.fq.gz
Approx 60% complete for KO_12_3_1__ERR14875939_1.fq.gz
Approx 60% complete for KO_12_3_2__ERR14875939_2.fq.gz
Approx 50% complete for R_KO_1_3_2__ERR14875942_2.fq.gz
Approx 50% complete for WT_8_1_1__ERR14875943_1.fq.gz
Approx 50% complete for R_KO_1_3_1__ERR14875942_1.fq.gz
Approx 50% complete for WT_8_1_2__ERR14875943_2.fq.gz
Approx 60% complete for WT_8_2_1__ERR14875944_1.fq.gz
Approx 60% complete for WT_8_2_2__ERR14875944_2.fq.gz
Approx 45% complete for R_KO_1_2_1__ERR14875941_1.fq.gz
Approx 65% complete for KO_12_3_1__ERR14875939_1.fq.gz
Approx 45% complete for KO_12_2_1__ERR14875938_1.fq.gz
Approx 35% complete for R_KO_1_1_1__ERR14875940_1.fq.gz
Approx 45% complete for R_KO_1_2_2__ERR14875941_2.fq.gz
Approx 45% complete for KO_12_1_2__ERR14875937_2.fq.gz
Approx 35% complete for R_KO_1_1_2__ERR14875940_2.fq.gz
Approx 45% complete for KO_12_2_2__ERR14875938_2.fq.gz
Approx 45% complete for KO_12_1_1__ERR14875937_1.fq.gz
Approx 65% complete for KO_12_3_2__ERR14875939_2.fq.gz
Approx 55% complete for R_KO_1_3_2__ERR14875942_2.fq.gz
Approx 65% complete for WT_8_2_1__ERR14875944_1.fq.gz
Approx 55% complete for WT_8_1_1__ERR14875943_1.fq.gz
Approx 55% complete for R_KO_1_3_1__ERR14875942_1.fq.gz
Approx 55% complete for WT_8_1_2__ERR14875943_2.fq.gz
Approx 65% complete for WT_8_2_2__ERR14875944_2.fq.gz
Approx 70% complete for KO_12_3_1__ERR14875939_1.fq.gz
Approx 70% complete for KO_12_3_2__ERR14875939_2.fq.gz
Approx 50% complete for R_KO_1_2_1__ERR14875941_1.fq.gz
Approx 50% complete for KO_12_2_1__ERR14875938_1.fq.gz
Approx 50% complete for R_KO_1_2_2__ERR14875941_2.fq.gz
Approx 50% complete for KO_12_1_2__ERR14875937_2.fq.gz
Approx 70% complete for WT_8_2_1__ERR14875944_1.fq.gz
Approx 50% complete for KO_12_2_2__ERR14875938_2.fq.gz
Approx 60% complete for R_KO_1_3_2__ERR14875942_2.fq.gz
Approx 50% complete for KO_12_1_1__ERR14875937_1.fq.gz
Approx 60% complete for R_KO_1_3_1__ERR14875942_1.fq.gz
Approx 70% complete for WT_8_2_2__ERR14875944_2.fq.gz
Approx 60% complete for WT_8_1_1__ERR14875943_1.fq.gz
Approx 75% complete for KO_12_3_1__ERR14875939_1.fq.gz
Approx 60% complete for WT_8_1_2__ERR14875943_2.fq.gz
Approx 40% complete for R_KO_1_1_1__ERR14875940_1.fq.gz
Approx 40% complete for R_KO_1_1_2__ERR14875940_2.fq.gz
Approx 75% complete for KO_12_3_2__ERR14875939_2.fq.gz
Approx 75% complete for WT_8_2_1__ERR14875944_1.fq.gz
Approx 55% complete for R_KO_1_2_1__ERR14875941_1.fq.gz
Approx 55% complete for KO_12_2_1__ERR14875938_1.fq.gz
Approx 55% complete for R_KO_1_2_2__ERR14875941_2.fq.gz
Approx 80% complete for KO_12_3_1__ERR14875939_1.fq.gz
Approx 75% complete for WT_8_2_2__ERR14875944_2.fq.gz
Approx 65% complete for R_KO_1_3_2__ERR14875942_2.fq.gz
Approx 55% complete for KO_12_1_2__ERR14875937_2.fq.gz
Approx 65% complete for R_KO_1_3_1__ERR14875942_1.fq.gz
Approx 65% complete for WT_8_1_1__ERR14875943_1.fq.gz
Approx 55% complete for KO_12_2_2__ERR14875938_2.fq.gz
Approx 65% complete for WT_8_1_2__ERR14875943_2.fq.gz
Approx 55% complete for KO_12_1_1__ERR14875937_1.fq.gz
Approx 80% complete for KO_12_3_2__ERR14875939_2.fq.gz
Approx 80% complete for WT_8_2_1__ERR14875944_1.fq.gz
Approx 85% complete for KO_12_3_1__ERR14875939_1.fq.gz
Approx 45% complete for R_KO_1_1_1__ERR14875940_1.fq.gz
Approx 80% complete for WT_8_2_2__ERR14875944_2.fq.gz
Approx 70% complete for R_KO_1_3_2__ERR14875942_2.fq.gz
Approx 60% complete for R_KO_1_2_1__ERR14875941_1.fq.gz
Approx 60% complete for KO_12_2_1__ERR14875938_1.fq.gz
Approx 45% complete for R_KO_1_1_2__ERR14875940_2.fq.gz
Approx 60% complete for R_KO_1_2_2__ERR14875941_2.fq.gz
Approx 70% complete for R_KO_1_3_1__ERR14875942_1.fq.gz
Approx 70% complete for WT_8_1_1__ERR14875943_1.fq.gz
Approx 85% complete for KO_12_3_2__ERR14875939_2.fq.gz
Approx 70% complete for WT_8_1_2__ERR14875943_2.fq.gz
Approx 60% complete for KO_12_1_2__ERR14875937_2.fq.gz
Approx 60% complete for KO_12_2_2__ERR14875938_2.fq.gz
Approx 60% complete for KO_12_1_1__ERR14875937_1.fq.gz
Approx 85% complete for WT_8_2_1__ERR14875944_1.fq.gz
Approx 90% complete for KO_12_3_1__ERR14875939_1.fq.gz
Approx 85% complete for WT_8_2_2__ERR14875944_2.fq.gz
Approx 75% complete for R_KO_1_3_2__ERR14875942_2.fq.gz
Approx 90% complete for KO_12_3_2__ERR14875939_2.fq.gz
Approx 75% complete for R_KO_1_3_1__ERR14875942_1.fq.gz
Approx 75% complete for WT_8_1_1__ERR14875943_1.fq.gz
Approx 65% complete for R_KO_1_2_1__ERR14875941_1.fq.gz
Approx 75% complete for WT_8_1_2__ERR14875943_2.fq.gz
Approx 65% complete for KO_12_2_1__ERR14875938_1.fq.gz
Approx 65% complete for R_KO_1_2_2__ERR14875941_2.fq.gz
Approx 90% complete for WT_8_2_1__ERR14875944_1.fq.gz
Approx 50% complete for R_KO_1_1_1__ERR14875940_1.fq.gz
Approx 65% complete for KO_12_1_2__ERR14875937_2.fq.gz
Approx 95% complete for KO_12_3_1__ERR14875939_1.fq.gz
Approx 90% complete for WT_8_2_2__ERR14875944_2.fq.gz
Approx 65% complete for KO_12_2_2__ERR14875938_2.fq.gz
Approx 65% complete for KO_12_1_1__ERR14875937_1.fq.gz
Approx 50% complete for R_KO_1_1_2__ERR14875940_2.fq.gz
Approx 95% complete for KO_12_3_2__ERR14875939_2.fq.gz
Approx 80% complete for R_KO_1_3_2__ERR14875942_2.fq.gz
Approx 80% complete for R_KO_1_3_1__ERR14875942_1.fq.gz
Approx 80% complete for WT_8_1_1__ERR14875943_1.fq.gz
Approx 80% complete for WT_8_1_2__ERR14875943_2.fq.gz
Approx 95% complete for WT_8_2_1__ERR14875944_1.fq.gz
Analysis complete for KO_12_3_1__ERR14875939_1.fq.gz
Approx 70% complete for R_KO_1_2_1__ERR14875941_1.fq.gz
Approx 70% complete for KO_12_2_1__ERR14875938_1.fq.gz
Approx 95% complete for WT_8_2_2__ERR14875944_2.fq.gz
Approx 70% complete for R_KO_1_2_2__ERR14875941_2.fq.gz
Approx 70% complete for KO_12_1_2__ERR14875937_2.fq.gz
Analysis complete for KO_12_3_2__ERR14875939_2.fq.gz
Approx 70% complete for KO_12_2_2__ERR14875938_2.fq.gz
Approx 55% complete for R_KO_1_1_1__ERR14875940_1.fq.gz
Approx 70% complete for KO_12_1_1__ERR14875937_1.fq.gz
application/gzip
application/gzip
Started analysis of WT_8_3_1__ERR14875945_1.fq.gz
Started analysis of WT_8_3_2__ERR14875945_2.fq.gz
Approx 85% complete for R_KO_1_3_2__ERR14875942_2.fq.gz
Analysis complete for WT_8_2_1__ERR14875944_1.fq.gz
Approx 85% complete for R_KO_1_3_1__ERR14875942_1.fq.gz
Approx 85% complete for WT_8_1_1__ERR14875943_1.fq.gz
Approx 85% complete for WT_8_1_2__ERR14875943_2.fq.gz
Analysis complete for WT_8_2_2__ERR14875944_2.fq.gz
Approx 55% complete for R_KO_1_1_2__ERR14875940_2.fq.gz
Approx 75% complete for KO_12_2_1__ERR14875938_1.fq.gz
Approx 75% complete for R_KO_1_2_1__ERR14875941_1.fq.gz
Approx 75% complete for KO_12_1_2__ERR14875937_2.fq.gz
Approx 75% complete for R_KO_1_2_2__ERR14875941_2.fq.gz
Approx 5% complete for WT_8_3_2__ERR14875945_2.fq.gz
Approx 5% complete for WT_8_3_1__ERR14875945_1.fq.gz
Approx 90% complete for R_KO_1_3_2__ERR14875942_2.fq.gz
Approx 75% complete for KO_12_1_1__ERR14875937_1.fq.gz
Approx 75% complete for KO_12_2_2__ERR14875938_2.fq.gz
Approx 90% complete for R_KO_1_3_1__ERR14875942_1.fq.gz
Approx 90% complete for WT_8_1_1__ERR14875943_1.fq.gz
Approx 90% complete for WT_8_1_2__ERR14875943_2.fq.gz
Approx 60% complete for R_KO_1_1_1__ERR14875940_1.fq.gz
Approx 80% complete for KO_12_2_1__ERR14875938_1.fq.gz
Approx 60% complete for R_KO_1_1_2__ERR14875940_2.fq.gz
Approx 80% complete for R_KO_1_2_1__ERR14875941_1.fq.gz
Approx 10% complete for WT_8_3_2__ERR14875945_2.fq.gz
Approx 10% complete for WT_8_3_1__ERR14875945_1.fq.gz
Approx 95% complete for R_KO_1_3_2__ERR14875942_2.fq.gz
Approx 80% complete for KO_12_1_2__ERR14875937_2.fq.gz
Approx 95% complete for R_KO_1_3_1__ERR14875942_1.fq.gz
Approx 80% complete for R_KO_1_2_2__ERR14875941_2.fq.gz
Approx 95% complete for WT_8_1_2__ERR14875943_2.fq.gz
Approx 95% complete for WT_8_1_1__ERR14875943_1.fq.gz
Approx 80% complete for KO_12_1_1__ERR14875937_1.fq.gz
Approx 80% complete for KO_12_2_2__ERR14875938_2.fq.gz
Approx 65% complete for R_KO_1_1_1__ERR14875940_1.fq.gz
Approx 15% complete for WT_8_3_2__ERR14875945_2.fq.gz
Approx 15% complete for WT_8_3_1__ERR14875945_1.fq.gz
Approx 85% complete for KO_12_2_1__ERR14875938_1.fq.gz
Analysis complete for R_KO_1_3_2__ERR14875942_2.fq.gz
Analysis complete for R_KO_1_3_1__ERR14875942_1.fq.gz
Approx 85% complete for KO_12_1_2__ERR14875937_2.fq.gz
Approx 85% complete for R_KO_1_2_1__ERR14875941_1.fq.gz
Approx 65% complete for R_KO_1_1_2__ERR14875940_2.fq.gz
Approx 100% complete for WT_8_1_2__ERR14875943_2.fq.gz
Analysis complete for WT_8_1_2__ERR14875943_2.fq.gz
Approx 100% complete for WT_8_1_1__ERR14875943_1.fq.gz
Analysis complete for WT_8_1_1__ERR14875943_1.fq.gz
Approx 85% complete for R_KO_1_2_2__ERR14875941_2.fq.gz
Approx 85% complete for KO_12_1_1__ERR14875937_1.fq.gz
Approx 85% complete for KO_12_2_2__ERR14875938_2.fq.gz
Approx 20% complete for WT_8_3_2__ERR14875945_2.fq.gz
Approx 20% complete for WT_8_3_1__ERR14875945_1.fq.gz
Approx 90% complete for KO_12_2_1__ERR14875938_1.fq.gz
Approx 70% complete for R_KO_1_1_1__ERR14875940_1.fq.gz
Approx 90% complete for KO_12_1_2__ERR14875937_2.fq.gz
Approx 90% complete for R_KO_1_2_1__ERR14875941_1.fq.gz
Approx 70% complete for R_KO_1_1_2__ERR14875940_2.fq.gz
Approx 90% complete for KO_12_1_1__ERR14875937_1.fq.gz
Approx 90% complete for R_KO_1_2_2__ERR14875941_2.fq.gz
Approx 25% complete for WT_8_3_2__ERR14875945_2.fq.gz
Approx 25% complete for WT_8_3_1__ERR14875945_1.fq.gz
Approx 90% complete for KO_12_2_2__ERR14875938_2.fq.gz
Approx 95% complete for KO_12_2_1__ERR14875938_1.fq.gz
Approx 95% complete for R_KO_1_2_1__ERR14875941_1.fq.gz
Approx 95% complete for KO_12_1_2__ERR14875937_2.fq.gz
Approx 75% complete for R_KO_1_1_1__ERR14875940_1.fq.gz
Approx 30% complete for WT_8_3_1__ERR14875945_1.fq.gz
Approx 30% complete for WT_8_3_2__ERR14875945_2.fq.gz
Approx 95% complete for KO_12_1_1__ERR14875937_1.fq.gz
Approx 95% complete for R_KO_1_2_2__ERR14875941_2.fq.gz
Approx 95% complete for KO_12_2_2__ERR14875938_2.fq.gz
Approx 75% complete for R_KO_1_1_2__ERR14875940_2.fq.gz
Analysis complete for KO_12_2_1__ERR14875938_1.fq.gz
Approx 35% complete for WT_8_3_1__ERR14875945_1.fq.gz
Approx 35% complete for WT_8_3_2__ERR14875945_2.fq.gz
Analysis complete for R_KO_1_2_1__ERR14875941_1.fq.gz
Analysis complete for KO_12_1_2__ERR14875937_2.fq.gz
Approx 80% complete for R_KO_1_1_1__ERR14875940_1.fq.gz
Analysis complete for KO_12_1_1__ERR14875937_1.fq.gz
Analysis complete for R_KO_1_2_2__ERR14875941_2.fq.gz
Analysis complete for KO_12_2_2__ERR14875938_2.fq.gz
Approx 80% complete for R_KO_1_1_2__ERR14875940_2.fq.gz
Approx 40% complete for WT_8_3_1__ERR14875945_1.fq.gz
Approx 40% complete for WT_8_3_2__ERR14875945_2.fq.gz
Approx 45% complete for WT_8_3_1__ERR14875945_1.fq.gz
Approx 45% complete for WT_8_3_2__ERR14875945_2.fq.gz
Approx 85% complete for R_KO_1_1_1__ERR14875940_1.fq.gz
Approx 85% complete for R_KO_1_1_2__ERR14875940_2.fq.gz
Approx 50% complete for WT_8_3_1__ERR14875945_1.fq.gz
Approx 50% complete for WT_8_3_2__ERR14875945_2.fq.gz
Approx 90% complete for R_KO_1_1_1__ERR14875940_1.fq.gz
Approx 90% complete for R_KO_1_1_2__ERR14875940_2.fq.gz
Approx 55% complete for WT_8_3_1__ERR14875945_1.fq.gz
Approx 55% complete for WT_8_3_2__ERR14875945_2.fq.gz
Approx 60% complete for WT_8_3_1__ERR14875945_1.fq.gz
Approx 60% complete for WT_8_3_2__ERR14875945_2.fq.gz
Approx 95% complete for R_KO_1_1_1__ERR14875940_1.fq.gz
Approx 95% complete for R_KO_1_1_2__ERR14875940_2.fq.gz
Approx 65% complete for WT_8_3_1__ERR14875945_1.fq.gz
Approx 65% complete for WT_8_3_2__ERR14875945_2.fq.gz
Approx 70% complete for WT_8_3_1__ERR14875945_1.fq.gz
Approx 70% complete for WT_8_3_2__ERR14875945_2.fq.gz
Analysis complete for R_KO_1_1_1__ERR14875940_1.fq.gz
Analysis complete for R_KO_1_1_2__ERR14875940_2.fq.gz
Approx 75% complete for WT_8_3_1__ERR14875945_1.fq.gz
Approx 75% complete for WT_8_3_2__ERR14875945_2.fq.gz
Approx 80% complete for WT_8_3_1__ERR14875945_1.fq.gz
Approx 80% complete for WT_8_3_2__ERR14875945_2.fq.gz
Approx 85% complete for WT_8_3_1__ERR14875945_1.fq.gz
Approx 85% complete for WT_8_3_2__ERR14875945_2.fq.gz
Approx 90% complete for WT_8_3_1__ERR14875945_1.fq.gz
Approx 90% complete for WT_8_3_2__ERR14875945_2.fq.gz
Approx 95% complete for WT_8_3_1__ERR14875945_1.fq.gz
Approx 95% complete for WT_8_3_2__ERR14875945_2.fq.gz
Analysis complete for WT_8_3_1__ERR14875945_1.fq.gz
Analysis complete for WT_8_3_2__ERR14875945_2.fq.gz
[2026-05-15 13:42:55] STEP 3 — MultiQC raw
[2026-05-15 13:43:06] STEP 4 — TrimGalore (PE)

Trim Galore - Oxidized Edition v2.2.0

Trim Galore - Oxidized Edition v2.2.0
5846564 — linux/x86_64 — built 2026-05-07T22:56:14Z
5846564 — linux/x86_64 — built 2026-05-07T22:56:14Z
==================================================

==================================================


Trim Galore - Oxidized Edition v2.2.0
5846564 — linux/x86_64 — built 2026-05-07T22:56:14Z
==================================================


Trim Galore - Oxidized Edition v2.2.0
5846564 — linux/x86_64 — built 2026-05-07T22:56:14Z
==================================================

Auto-detecting adapter type...

Trim Galore - Oxidized Edition v2.2.0
5846564 — linux/x86_64 — built 2026-05-07T22:56:14Z
==================================================


Trim Galore - Oxidized Edition v2.2.0
5846564 — linux/x86_64 — built 2026-05-07T22:56:14Z
==================================================


Trim Galore - Oxidized Edition v2.2.0
5846564 — linux/x86_64 — built 2026-05-07T22:56:14Z
==================================================


Trim Galore - Oxidized Edition v2.2.0
5846564 — linux/x86_64 — built 2026-05-07T22:56:14Z
==================================================

Auto-detecting adapter type...
Auto-detecting adapter type...
Auto-detecting adapter type...
Auto-detecting adapter type...
Auto-detecting adapter type...
Auto-detecting adapter type...
Auto-detecting adapter type...
Using Illumina adapter for trimming (count: 5451). Second best hit was smallRNA (count: 21).
Adapter: Illumina (AGATCGGAAGAGC)

Poly-G trimming: ENABLED (auto-detected). 986 of 1000000 reads (0.10%) have poly-G tails (>=10bp) — consistent with 2-colour chemistry (NovaSeq/NextSeq). To disable: --no_poly_g
Trimming (paired-end):
  R1: /dysk3/genomicFiles/NGS_backup/DevEpi/Malewicz_RNAseq/fastq/R_KO_1_2_1__ERR14875941_1.fq.gz
  R2: /dysk3/genomicFiles/NGS_backup/DevEpi/Malewicz_RNAseq/fastq/R_KO_1_2_2__ERR14875941_2.fq.gz
  Output R1: /home/micgdu/Analysis/Malewicz_LYAR/RNAseqAnalysis//trimmedFastq/R_KO_1_2_val_1.fq.gz
  Output R2: /home/micgdu/Analysis/Malewicz_LYAR/RNAseqAnalysis//trimmedFastq/R_KO_1_2_val_2.fq.gz
Using Illumina adapter for trimming (count: 6321). Second best hit was smallRNA (count: 26).
Adapter: Illumina (AGATCGGAAGAGC)

Poly-G trimming: ENABLED (auto-detected). 902 of 1000000 reads (0.09%) have poly-G tails (>=10bp) — consistent with 2-colour chemistry (NovaSeq/NextSeq). To disable: --no_poly_g
Trimming (paired-end):
  R1: /dysk3/genomicFiles/NGS_backup/DevEpi/Malewicz_RNAseq/fastq/KO_12_2_1__ERR14875938_1.fq.gz
  R2: /dysk3/genomicFiles/NGS_backup/DevEpi/Malewicz_RNAseq/fastq/KO_12_2_2__ERR14875938_2.fq.gz
  Output R1: /home/micgdu/Analysis/Malewicz_LYAR/RNAseqAnalysis//trimmedFastq/KO_12_2_val_1.fq.gz
  Output R2: /home/micgdu/Analysis/Malewicz_LYAR/RNAseqAnalysis//trimmedFastq/KO_12_2_val_2.fq.gz
Using Illumina adapter for trimming (count: 6572). Second best hit was smallRNA (count: 16).
Adapter: Illumina (AGATCGGAAGAGC)

Poly-G trimming: ENABLED (auto-detected). 1164 of 1000000 reads (0.12%) have poly-G tails (>=10bp) — consistent with 2-colour chemistry (NovaSeq/NextSeq). To disable: --no_poly_g
Trimming (paired-end):
  R1: /dysk3/genomicFiles/NGS_backup/DevEpi/Malewicz_RNAseq/fastq/WT_8_1_1__ERR14875943_1.fq.gz
  R2: /dysk3/genomicFiles/NGS_backup/DevEpi/Malewicz_RNAseq/fastq/WT_8_1_2__ERR14875943_2.fq.gz
  Output R1: /home/micgdu/Analysis/Malewicz_LYAR/RNAseqAnalysis//trimmedFastq/WT_8_1_val_1.fq.gz
  Output R2: /home/micgdu/Analysis/Malewicz_LYAR/RNAseqAnalysis//trimmedFastq/WT_8_1_val_2.fq.gz
Using Illumina adapter for trimming (count: 4582). Second best hit was Nextera (count: 11).
Adapter: Illumina (AGATCGGAAGAGC)

Poly-G trimming: ENABLED (auto-detected). 894 of 1000000 reads (0.09%) have poly-G tails (>=10bp) — consistent with 2-colour chemistry (NovaSeq/NextSeq). To disable: --no_poly_g
Trimming (paired-end):
  R1: /dysk3/genomicFiles/NGS_backup/DevEpi/Malewicz_RNAseq/fastq/R_KO_1_1_1__ERR14875940_1.fq.gz
  R2: /dysk3/genomicFiles/NGS_backup/DevEpi/Malewicz_RNAseq/fastq/R_KO_1_1_2__ERR14875940_2.fq.gz
  Output R1: /home/micgdu/Analysis/Malewicz_LYAR/RNAseqAnalysis//trimmedFastq/R_KO_1_1_val_1.fq.gz
  Output R2: /home/micgdu/Analysis/Malewicz_LYAR/RNAseqAnalysis//trimmedFastq/R_KO_1_1_val_2.fq.gz
Using Illumina adapter for trimming (count: 4830). Second best hit was Nextera (count: 30).
Adapter: Illumina (AGATCGGAAGAGC)

Poly-G trimming: ENABLED (auto-detected). 859 of 1000000 reads (0.09%) have poly-G tails (>=10bp) — consistent with 2-colour chemistry (NovaSeq/NextSeq). To disable: --no_poly_g
Trimming (paired-end):
  R1: /dysk3/genomicFiles/NGS_backup/DevEpi/Malewicz_RNAseq/fastq/R_KO_1_3_1__ERR14875942_1.fq.gz
  R2: /dysk3/genomicFiles/NGS_backup/DevEpi/Malewicz_RNAseq/fastq/R_KO_1_3_2__ERR14875942_2.fq.gz
  Output R1: /home/micgdu/Analysis/Malewicz_LYAR/RNAseqAnalysis//trimmedFastq/R_KO_1_3_val_1.fq.gz
  Output R2: /home/micgdu/Analysis/Malewicz_LYAR/RNAseqAnalysis//trimmedFastq/R_KO_1_3_val_2.fq.gz
Using Illumina adapter for trimming (count: 4933). Second best hit was smallRNA (count: 18).
Adapter: Illumina (AGATCGGAAGAGC)

Poly-G trimming: ENABLED (auto-detected). 1005 of 1000000 reads (0.10%) have poly-G tails (>=10bp) — consistent with 2-colour chemistry (NovaSeq/NextSeq). To disable: --no_poly_g
Trimming (paired-end):
  R1: /dysk3/genomicFiles/NGS_backup/DevEpi/Malewicz_RNAseq/fastq/KO_12_1_1__ERR14875937_1.fq.gz
  R2: /dysk3/genomicFiles/NGS_backup/DevEpi/Malewicz_RNAseq/fastq/KO_12_1_2__ERR14875937_2.fq.gz
  Output R1: /home/micgdu/Analysis/Malewicz_LYAR/RNAseqAnalysis//trimmedFastq/KO_12_1_val_1.fq.gz
  Output R2: /home/micgdu/Analysis/Malewicz_LYAR/RNAseqAnalysis//trimmedFastq/KO_12_1_val_2.fq.gz
Using Illumina adapter for trimming (count: 5839). Second best hit was smallRNA (count: 22).
Adapter: Illumina (AGATCGGAAGAGC)

Poly-G trimming: ENABLED (auto-detected). 894 of 1000000 reads (0.09%) have poly-G tails (>=10bp) — consistent with 2-colour chemistry (NovaSeq/NextSeq). To disable: --no_poly_g
Trimming (paired-end):
  R1: /dysk3/genomicFiles/NGS_backup/DevEpi/Malewicz_RNAseq/fastq/WT_8_2_1__ERR14875944_1.fq.gz
  R2: /dysk3/genomicFiles/NGS_backup/DevEpi/Malewicz_RNAseq/fastq/WT_8_2_2__ERR14875944_2.fq.gz
  Output R1: /home/micgdu/Analysis/Malewicz_LYAR/RNAseqAnalysis//trimmedFastq/WT_8_2_val_1.fq.gz
  Output R2: /home/micgdu/Analysis/Malewicz_LYAR/RNAseqAnalysis//trimmedFastq/WT_8_2_val_2.fq.gz
Using Illumina adapter for trimming (count: 5651). Second best hit was smallRNA (count: 28).
Adapter: Illumina (AGATCGGAAGAGC)

Poly-G trimming: ENABLED (auto-detected). 914 of 1000000 reads (0.09%) have poly-G tails (>=10bp) — consistent with 2-colour chemistry (NovaSeq/NextSeq). To disable: --no_poly_g
Trimming (paired-end):
  R1: /dysk3/genomicFiles/NGS_backup/DevEpi/Malewicz_RNAseq/fastq/KO_12_3_1__ERR14875939_1.fq.gz
  R2: /dysk3/genomicFiles/NGS_backup/DevEpi/Malewicz_RNAseq/fastq/KO_12_3_2__ERR14875939_2.fq.gz
  Output R1: /home/micgdu/Analysis/Malewicz_LYAR/RNAseqAnalysis//trimmedFastq/KO_12_3_val_1.fq.gz
  Output R2: /home/micgdu/Analysis/Malewicz_LYAR/RNAseqAnalysis//trimmedFastq/KO_12_3_val_2.fq.gz

=== Summary (Read 1) ===

Total reads processed:             42581058
Reads with adapters:               14739473 (34.6%)

=== Summary (Read 2) ===

Total reads processed:             42581058
Reads with adapters:               14687611 (34.5%)
R1 reads with poly-G trimmed:       1542821 (3.6%)
  R1 poly-G bases removed:          9378569
R2 reads with poly-C trimmed:       1430520 (3.4%)
  R2 poly-C bases removed:          6390507

=== Paired-end validation ===

Pairs analyzed:                    42581058
Pairs removed:                        17978 (0.0%)
Report: /home/micgdu/Analysis/Malewicz_LYAR/RNAseqAnalysis//trimmedFastq/KO_12_3_1__ERR14875939_1.fq.gz_trimming_report.txt
JSON report: /home/micgdu/Analysis/Malewicz_LYAR/RNAseqAnalysis//trimmedFastq/KO_12_3_1__ERR14875939_1.fq.gz_trimming_report.json
Report: /home/micgdu/Analysis/Malewicz_LYAR/RNAseqAnalysis//trimmedFastq/KO_12_3_2__ERR14875939_2.fq.gz_trimming_report.txt
JSON report: /home/micgdu/Analysis/Malewicz_LYAR/RNAseqAnalysis//trimmedFastq/KO_12_3_2__ERR14875939_2.fq.gz_trimming_report.json

Running FastQC on /home/micgdu/Analysis/Malewicz_LYAR/RNAseqAnalysis//trimmedFastq/KO_12_3_val_1.fq.gz

=== Summary (Read 1) ===

Total reads processed:             44418598
Reads with adapters:               15066955 (33.9%)

=== Summary (Read 2) ===

Total reads processed:             44418598
Reads with adapters:               15012244 (33.8%)
R1 reads with poly-G trimmed:       1714675 (3.9%)
  R1 poly-G bases removed:         10123243
R2 reads with poly-C trimmed:       1297563 (2.9%)
  R2 poly-C bases removed:          5936645

=== Paired-end validation ===

Pairs analyzed:                    44418598
Pairs removed:                        15741 (0.0%)
Report: /home/micgdu/Analysis/Malewicz_LYAR/RNAseqAnalysis//trimmedFastq/WT_8_2_1__ERR14875944_1.fq.gz_trimming_report.txt
JSON report: /home/micgdu/Analysis/Malewicz_LYAR/RNAseqAnalysis//trimmedFastq/WT_8_2_1__ERR14875944_1.fq.gz_trimming_report.json
Report: /home/micgdu/Analysis/Malewicz_LYAR/RNAseqAnalysis//trimmedFastq/WT_8_2_2__ERR14875944_2.fq.gz_trimming_report.txt
JSON report: /home/micgdu/Analysis/Malewicz_LYAR/RNAseqAnalysis//trimmedFastq/WT_8_2_2__ERR14875944_2.fq.gz_trimming_report.json

Running FastQC on /home/micgdu/Analysis/Malewicz_LYAR/RNAseqAnalysis//trimmedFastq/WT_8_2_val_1.fq.gz

Running FastQC on /home/micgdu/Analysis/Malewicz_LYAR/RNAseqAnalysis//trimmedFastq/KO_12_3_val_2.fq.gz

=== Summary (Read 1) ===

Total reads processed:             52470016
Reads with adapters:               17684183 (33.7%)

=== Summary (Read 2) ===

Total reads processed:             52470016
Reads with adapters:               17661018 (33.7%)
R1 reads with poly-G trimmed:       2088254 (4.0%)
  R1 poly-G bases removed:         13409456
R2 reads with poly-C trimmed:       1625028 (3.1%)
  R2 poly-C bases removed:          7486167

=== Paired-end validation ===

Pairs analyzed:                    52470016
Pairs removed:                        25903 (0.0%)
Report: /home/micgdu/Analysis/Malewicz_LYAR/RNAseqAnalysis//trimmedFastq/WT_8_1_1__ERR14875943_1.fq.gz_trimming_report.txt
JSON report: /home/micgdu/Analysis/Malewicz_LYAR/RNAseqAnalysis//trimmedFastq/WT_8_1_1__ERR14875943_1.fq.gz_trimming_report.json
Report: /home/micgdu/Analysis/Malewicz_LYAR/RNAseqAnalysis//trimmedFastq/WT_8_1_2__ERR14875943_2.fq.gz_trimming_report.txt
JSON report: /home/micgdu/Analysis/Malewicz_LYAR/RNAseqAnalysis//trimmedFastq/WT_8_1_2__ERR14875943_2.fq.gz_trimming_report.json

Running FastQC on /home/micgdu/Analysis/Malewicz_LYAR/RNAseqAnalysis//trimmedFastq/WT_8_1_val_1.fq.gz

Running FastQC on /home/micgdu/Analysis/Malewicz_LYAR/RNAseqAnalysis//trimmedFastq/WT_8_2_val_2.fq.gz

=== Summary (Read 1) ===

Total reads processed:             54464691
Reads with adapters:               19144256 (35.1%)

=== Summary (Read 2) ===

Total reads processed:             54464691
Reads with adapters:               19045491 (35.0%)
R1 reads with poly-G trimmed:       1805583 (3.3%)
  R1 poly-G bases removed:         10721296
R2 reads with poly-C trimmed:       1557192 (2.9%)
  R2 poly-C bases removed:          6876421

=== Paired-end validation ===

Pairs analyzed:                    54464691
Pairs removed:                        23642 (0.0%)
Report: /home/micgdu/Analysis/Malewicz_LYAR/RNAseqAnalysis//trimmedFastq/R_KO_1_3_1__ERR14875942_1.fq.gz_trimming_report.txt
JSON report: /home/micgdu/Analysis/Malewicz_LYAR/RNAseqAnalysis//trimmedFastq/R_KO_1_3_1__ERR14875942_1.fq.gz_trimming_report.json
Report: /home/micgdu/Analysis/Malewicz_LYAR/RNAseqAnalysis//trimmedFastq/R_KO_1_3_2__ERR14875942_2.fq.gz_trimming_report.txt
JSON report: /home/micgdu/Analysis/Malewicz_LYAR/RNAseqAnalysis//trimmedFastq/R_KO_1_3_2__ERR14875942_2.fq.gz_trimming_report.json

Running FastQC on /home/micgdu/Analysis/Malewicz_LYAR/RNAseqAnalysis//trimmedFastq/R_KO_1_3_val_1.fq.gz

Trim Galore - Oxidized Edition v2.2.0
5846564 — linux/x86_64 — built 2026-05-07T22:56:14Z
==================================================

Auto-detecting adapter type...
Using Illumina adapter for trimming (count: 4615). Second best hit was smallRNA (count: 31).
Adapter: Illumina (AGATCGGAAGAGC)

Poly-G trimming: ENABLED (auto-detected). 1175 of 1000000 reads (0.12%) have poly-G tails (>=10bp) — consistent with 2-colour chemistry (NovaSeq/NextSeq). To disable: --no_poly_g
Trimming (paired-end):
  R1: /dysk3/genomicFiles/NGS_backup/DevEpi/Malewicz_RNAseq/fastq/WT_8_3_1__ERR14875945_1.fq.gz
  R2: /dysk3/genomicFiles/NGS_backup/DevEpi/Malewicz_RNAseq/fastq/WT_8_3_2__ERR14875945_2.fq.gz
  Output R1: /home/micgdu/Analysis/Malewicz_LYAR/RNAseqAnalysis//trimmedFastq/WT_8_3_val_1.fq.gz
  Output R2: /home/micgdu/Analysis/Malewicz_LYAR/RNAseqAnalysis//trimmedFastq/WT_8_3_val_2.fq.gz

=== Summary (Read 1) ===

Total reads processed:             59632850
Reads with adapters:               20359662 (34.1%)

=== Summary (Read 2) ===

Total reads processed:             59632850
Reads with adapters:               20230334 (33.9%)
R1 reads with poly-G trimmed:       2239709 (3.8%)
  R1 poly-G bases removed:         13511379
R2 reads with poly-C trimmed:       1926453 (3.2%)
  R2 poly-C bases removed:          8418425

=== Paired-end validation ===

Pairs analyzed:                    59632850
Pairs removed:                        26788 (0.0%)
Report: /home/micgdu/Analysis/Malewicz_LYAR/RNAseqAnalysis//trimmedFastq/R_KO_1_2_1__ERR14875941_1.fq.gz_trimming_report.txt
JSON report: /home/micgdu/Analysis/Malewicz_LYAR/RNAseqAnalysis//trimmedFastq/R_KO_1_2_1__ERR14875941_1.fq.gz_trimming_report.json
Report: /home/micgdu/Analysis/Malewicz_LYAR/RNAseqAnalysis//trimmedFastq/R_KO_1_2_2__ERR14875941_2.fq.gz_trimming_report.txt
JSON report: /home/micgdu/Analysis/Malewicz_LYAR/RNAseqAnalysis//trimmedFastq/R_KO_1_2_2__ERR14875941_2.fq.gz_trimming_report.json

Running FastQC on /home/micgdu/Analysis/Malewicz_LYAR/RNAseqAnalysis//trimmedFastq/R_KO_1_2_val_1.fq.gz

Running FastQC on /home/micgdu/Analysis/Malewicz_LYAR/RNAseqAnalysis//trimmedFastq/WT_8_1_val_2.fq.gz

=== Summary (Read 1) ===

Total reads processed:             63339276
Reads with adapters:               21428825 (33.8%)

=== Summary (Read 2) ===

Total reads processed:             63339276
Reads with adapters:               21367277 (33.7%)
R1 reads with poly-G trimmed:       2445682 (3.9%)
  R1 poly-G bases removed:         14580763
R2 reads with poly-C trimmed:       1875537 (3.0%)
  R2 poly-C bases removed:          8518096

=== Paired-end validation ===

Pairs analyzed:                    63339276
Pairs removed:                        23454 (0.0%)
Report: /home/micgdu/Analysis/Malewicz_LYAR/RNAseqAnalysis//trimmedFastq/KO_12_2_1__ERR14875938_1.fq.gz_trimming_report.txt
JSON report: /home/micgdu/Analysis/Malewicz_LYAR/RNAseqAnalysis//trimmedFastq/KO_12_2_1__ERR14875938_1.fq.gz_trimming_report.json
Report: /home/micgdu/Analysis/Malewicz_LYAR/RNAseqAnalysis//trimmedFastq/KO_12_2_2__ERR14875938_2.fq.gz_trimming_report.txt
JSON report: /home/micgdu/Analysis/Malewicz_LYAR/RNAseqAnalysis//trimmedFastq/KO_12_2_2__ERR14875938_2.fq.gz_trimming_report.json

Running FastQC on /home/micgdu/Analysis/Malewicz_LYAR/RNAseqAnalysis//trimmedFastq/KO_12_2_val_1.fq.gz

=== Summary (Read 1) ===

Total reads processed:             64050264
Reads with adapters:               21517724 (33.6%)

=== Summary (Read 2) ===

Total reads processed:             64050264
Reads with adapters:               21446503 (33.5%)
R1 reads with poly-G trimmed:       2535294 (4.0%)
  R1 poly-G bases removed:         15675770
R2 reads with poly-C trimmed:       1869124 (2.9%)
  R2 poly-C bases removed:          8588237

=== Paired-end validation ===

Pairs analyzed:                    64050264
Pairs removed:                        29370 (0.0%)
Report: /home/micgdu/Analysis/Malewicz_LYAR/RNAseqAnalysis//trimmedFastq/KO_12_1_1__ERR14875937_1.fq.gz_trimming_report.txt
JSON report: /home/micgdu/Analysis/Malewicz_LYAR/RNAseqAnalysis//trimmedFastq/KO_12_1_1__ERR14875937_1.fq.gz_trimming_report.json
Report: /home/micgdu/Analysis/Malewicz_LYAR/RNAseqAnalysis//trimmedFastq/KO_12_1_2__ERR14875937_2.fq.gz_trimming_report.txt
JSON report: /home/micgdu/Analysis/Malewicz_LYAR/RNAseqAnalysis//trimmedFastq/KO_12_1_2__ERR14875937_2.fq.gz_trimming_report.json

Running FastQC on /home/micgdu/Analysis/Malewicz_LYAR/RNAseqAnalysis//trimmedFastq/KO_12_1_val_1.fq.gz

Running FastQC on /home/micgdu/Analysis/Malewicz_LYAR/RNAseqAnalysis//trimmedFastq/R_KO_1_3_val_2.fq.gz

Running FastQC on /home/micgdu/Analysis/Malewicz_LYAR/RNAseqAnalysis//trimmedFastq/R_KO_1_2_val_2.fq.gz

Running FastQC on /home/micgdu/Analysis/Malewicz_LYAR/RNAseqAnalysis//trimmedFastq/KO_12_2_val_2.fq.gz

=== Summary (Read 1) ===

Total reads processed:             78322312
Reads with adapters:               26620362 (34.0%)

=== Summary (Read 2) ===

Total reads processed:             78322312
Reads with adapters:               26580854 (33.9%)
R1 reads with poly-G trimmed:       2902170 (3.7%)
  R1 poly-G bases removed:         17311671
R2 reads with poly-C trimmed:       2469455 (3.2%)
  R2 poly-C bases removed:         10802827

=== Paired-end validation ===

Pairs analyzed:                    78322312
Pairs removed:                        28774 (0.0%)
Report: /home/micgdu/Analysis/Malewicz_LYAR/RNAseqAnalysis//trimmedFastq/R_KO_1_1_1__ERR14875940_1.fq.gz_trimming_report.txt
JSON report: /home/micgdu/Analysis/Malewicz_LYAR/RNAseqAnalysis//trimmedFastq/R_KO_1_1_1__ERR14875940_1.fq.gz_trimming_report.json
Report: /home/micgdu/Analysis/Malewicz_LYAR/RNAseqAnalysis//trimmedFastq/R_KO_1_1_2__ERR14875940_2.fq.gz_trimming_report.txt
JSON report: /home/micgdu/Analysis/Malewicz_LYAR/RNAseqAnalysis//trimmedFastq/R_KO_1_1_2__ERR14875940_2.fq.gz_trimming_report.json

Running FastQC on /home/micgdu/Analysis/Malewicz_LYAR/RNAseqAnalysis//trimmedFastq/R_KO_1_1_val_1.fq.gz

Running FastQC on /home/micgdu/Analysis/Malewicz_LYAR/RNAseqAnalysis//trimmedFastq/KO_12_1_val_2.fq.gz

Running FastQC on /home/micgdu/Analysis/Malewicz_LYAR/RNAseqAnalysis//trimmedFastq/R_KO_1_1_val_2.fq.gz

=== Summary (Read 1) ===

Total reads processed:             48358854
Reads with adapters:               16439688 (34.0%)

=== Summary (Read 2) ===

Total reads processed:             48358854
Reads with adapters:               16394141 (33.9%)
R1 reads with poly-G trimmed:       1873575 (3.9%)
  R1 poly-G bases removed:         12303828
R2 reads with poly-C trimmed:       1375481 (2.8%)
  R2 poly-C bases removed:          6578748

=== Paired-end validation ===

Pairs analyzed:                    48358854
Pairs removed:                        25294 (0.1%)
Report: /home/micgdu/Analysis/Malewicz_LYAR/RNAseqAnalysis//trimmedFastq/WT_8_3_1__ERR14875945_1.fq.gz_trimming_report.txt
JSON report: /home/micgdu/Analysis/Malewicz_LYAR/RNAseqAnalysis//trimmedFastq/WT_8_3_1__ERR14875945_1.fq.gz_trimming_report.json
Report: /home/micgdu/Analysis/Malewicz_LYAR/RNAseqAnalysis//trimmedFastq/WT_8_3_2__ERR14875945_2.fq.gz_trimming_report.txt
JSON report: /home/micgdu/Analysis/Malewicz_LYAR/RNAseqAnalysis//trimmedFastq/WT_8_3_2__ERR14875945_2.fq.gz_trimming_report.json

Running FastQC on /home/micgdu/Analysis/Malewicz_LYAR/RNAseqAnalysis//trimmedFastq/WT_8_3_val_1.fq.gz

Running FastQC on /home/micgdu/Analysis/Malewicz_LYAR/RNAseqAnalysis//trimmedFastq/WT_8_3_val_2.fq.gz
[2026-05-15 14:17:43] STEP 5 — FastQC trimmed
application/gzip
application/gzip
application/gzip
application/gzip
application/gzip
application/gzip
application/gzip
Started analysis of KO_12_2_val_2.fq.gz
Started analysis of R_KO_1_2_val_1.fq.gz
application/gzip
Started analysis of KO_12_1_val_1.fq.gz
Started analysis of WT_8_1_val_2.fq.gz
Started analysis of KO_12_2_val_1.fq.gz
Started analysis of KO_12_3_val_2.fq.gz
Started analysis of R_KO_1_2_val_2.fq.gz
Started analysis of WT_8_3_val_1.fq.gz
Approx 5% complete for KO_12_3_val_2.fq.gz
Approx 5% complete for WT_8_3_val_1.fq.gz
Approx 5% complete for WT_8_1_val_2.fq.gz
Approx 5% complete for KO_12_2_val_1.fq.gz
Approx 5% complete for R_KO_1_2_val_1.fq.gz
Approx 5% complete for R_KO_1_2_val_2.fq.gz
Approx 5% complete for KO_12_2_val_2.fq.gz
Approx 5% complete for KO_12_1_val_1.fq.gz
Approx 10% complete for KO_12_3_val_2.fq.gz
Approx 10% complete for WT_8_3_val_1.fq.gz
Approx 10% complete for WT_8_1_val_2.fq.gz
Approx 10% complete for R_KO_1_2_val_1.fq.gz
Approx 10% complete for KO_12_2_val_1.fq.gz
Approx 10% complete for R_KO_1_2_val_2.fq.gz
Approx 15% complete for KO_12_3_val_2.fq.gz
Approx 10% complete for KO_12_2_val_2.fq.gz
Approx 10% complete for KO_12_1_val_1.fq.gz
Approx 15% complete for WT_8_3_val_1.fq.gz
Approx 15% complete for WT_8_1_val_2.fq.gz
Approx 20% complete for KO_12_3_val_2.fq.gz
Approx 15% complete for R_KO_1_2_val_1.fq.gz
Approx 15% complete for R_KO_1_2_val_2.fq.gz
Approx 15% complete for KO_12_2_val_1.fq.gz
Approx 20% complete for WT_8_3_val_1.fq.gz
Approx 15% complete for KO_12_2_val_2.fq.gz
Approx 15% complete for KO_12_1_val_1.fq.gz
Approx 20% complete for WT_8_1_val_2.fq.gz
Approx 25% complete for KO_12_3_val_2.fq.gz
Approx 20% complete for R_KO_1_2_val_1.fq.gz
Approx 25% complete for WT_8_3_val_1.fq.gz
Approx 20% complete for KO_12_2_val_1.fq.gz
Approx 20% complete for R_KO_1_2_val_2.fq.gz
Approx 30% complete for KO_12_3_val_2.fq.gz
Approx 20% complete for KO_12_2_val_2.fq.gz
Approx 20% complete for KO_12_1_val_1.fq.gz
Approx 25% complete for WT_8_1_val_2.fq.gz
Approx 30% complete for WT_8_3_val_1.fq.gz
Approx 25% complete for R_KO_1_2_val_1.fq.gz
Approx 35% complete for KO_12_3_val_2.fq.gz
Approx 25% complete for R_KO_1_2_val_2.fq.gz
Approx 25% complete for KO_12_2_val_1.fq.gz
Approx 30% complete for WT_8_1_val_2.fq.gz
Approx 25% complete for KO_12_2_val_2.fq.gz
Approx 25% complete for KO_12_1_val_1.fq.gz
Approx 35% complete for WT_8_3_val_1.fq.gz
Approx 40% complete for KO_12_3_val_2.fq.gz
Approx 30% complete for R_KO_1_2_val_1.fq.gz
Approx 35% complete for WT_8_1_val_2.fq.gz
Approx 30% complete for R_KO_1_2_val_2.fq.gz
Approx 30% complete for KO_12_2_val_1.fq.gz
Approx 30% complete for KO_12_2_val_2.fq.gz
Approx 45% complete for KO_12_3_val_2.fq.gz
Approx 40% complete for WT_8_3_val_1.fq.gz
Approx 30% complete for KO_12_1_val_1.fq.gz
Approx 35% complete for R_KO_1_2_val_1.fq.gz
Approx 40% complete for WT_8_1_val_2.fq.gz
Approx 50% complete for KO_12_3_val_2.fq.gz
Approx 35% complete for R_KO_1_2_val_2.fq.gz
Approx 35% complete for KO_12_2_val_1.fq.gz
Approx 45% complete for WT_8_3_val_1.fq.gz
Approx 35% complete for KO_12_2_val_2.fq.gz
Approx 35% complete for KO_12_1_val_1.fq.gz
Approx 45% complete for WT_8_1_val_2.fq.gz
Approx 55% complete for KO_12_3_val_2.fq.gz
Approx 40% complete for R_KO_1_2_val_1.fq.gz
Approx 50% complete for WT_8_3_val_1.fq.gz
Approx 40% complete for R_KO_1_2_val_2.fq.gz
Approx 40% complete for KO_12_2_val_1.fq.gz
Approx 40% complete for KO_12_2_val_2.fq.gz
Approx 60% complete for KO_12_3_val_2.fq.gz
Approx 40% complete for KO_12_1_val_1.fq.gz
Approx 50% complete for WT_8_1_val_2.fq.gz
Approx 55% complete for WT_8_3_val_1.fq.gz
Approx 45% complete for R_KO_1_2_val_1.fq.gz
Approx 65% complete for KO_12_3_val_2.fq.gz
Approx 45% complete for R_KO_1_2_val_2.fq.gz
Approx 45% complete for KO_12_2_val_1.fq.gz
Approx 45% complete for KO_12_2_val_2.fq.gz
Approx 55% complete for WT_8_1_val_2.fq.gz
Approx 60% complete for WT_8_3_val_1.fq.gz
Approx 45% complete for KO_12_1_val_1.fq.gz
Approx 50% complete for R_KO_1_2_val_1.fq.gz
Approx 70% complete for KO_12_3_val_2.fq.gz
Approx 50% complete for R_KO_1_2_val_2.fq.gz
Approx 50% complete for KO_12_2_val_1.fq.gz
Approx 60% complete for WT_8_1_val_2.fq.gz
Approx 65% complete for WT_8_3_val_1.fq.gz
Approx 50% complete for KO_12_2_val_2.fq.gz
Approx 75% complete for KO_12_3_val_2.fq.gz
Approx 50% complete for KO_12_1_val_1.fq.gz
Approx 55% complete for R_KO_1_2_val_1.fq.gz
Approx 70% complete for WT_8_3_val_1.fq.gz
Approx 65% complete for WT_8_1_val_2.fq.gz
Approx 55% complete for R_KO_1_2_val_2.fq.gz
Approx 80% complete for KO_12_3_val_2.fq.gz
Approx 55% complete for KO_12_2_val_1.fq.gz
Approx 55% complete for KO_12_2_val_2.fq.gz
Approx 55% complete for KO_12_1_val_1.fq.gz
Approx 60% complete for R_KO_1_2_val_1.fq.gz
Approx 85% complete for KO_12_3_val_2.fq.gz
Approx 75% complete for WT_8_3_val_1.fq.gz
Approx 70% complete for WT_8_1_val_2.fq.gz
Approx 60% complete for R_KO_1_2_val_2.fq.gz
Approx 60% complete for KO_12_2_val_1.fq.gz
Approx 60% complete for KO_12_2_val_2.fq.gz
Approx 90% complete for KO_12_3_val_2.fq.gz
Approx 65% complete for R_KO_1_2_val_1.fq.gz
Approx 80% complete for WT_8_3_val_1.fq.gz
Approx 60% complete for KO_12_1_val_1.fq.gz
Approx 75% complete for WT_8_1_val_2.fq.gz
Approx 65% complete for R_KO_1_2_val_2.fq.gz
Approx 95% complete for KO_12_3_val_2.fq.gz
Approx 65% complete for KO_12_2_val_1.fq.gz
Approx 65% complete for KO_12_2_val_2.fq.gz
Approx 85% complete for WT_8_3_val_1.fq.gz
Approx 70% complete for R_KO_1_2_val_1.fq.gz
Approx 80% complete for WT_8_1_val_2.fq.gz
Approx 65% complete for KO_12_1_val_1.fq.gz
Analysis complete for KO_12_3_val_2.fq.gz
application/gzip
Started analysis of R_KO_1_1_val_2.fq.gz
Approx 70% complete for R_KO_1_2_val_2.fq.gz
Approx 90% complete for WT_8_3_val_1.fq.gz
Approx 70% complete for KO_12_2_val_1.fq.gz
Approx 70% complete for KO_12_2_val_2.fq.gz
Approx 85% complete for WT_8_1_val_2.fq.gz
Approx 75% complete for R_KO_1_2_val_1.fq.gz
Approx 70% complete for KO_12_1_val_1.fq.gz
Approx 95% complete for WT_8_3_val_1.fq.gz
Approx 75% complete for R_KO_1_2_val_2.fq.gz
Approx 90% complete for WT_8_1_val_2.fq.gz
Approx 80% complete for R_KO_1_2_val_1.fq.gz
Approx 75% complete for KO_12_2_val_2.fq.gz
Approx 75% complete for KO_12_2_val_1.fq.gz
Approx 5% complete for R_KO_1_1_val_2.fq.gz
Approx 75% complete for KO_12_1_val_1.fq.gz
Analysis complete for WT_8_3_val_1.fq.gz
application/gzip
Started analysis of WT_8_3_val_2.fq.gz
Approx 80% complete for R_KO_1_2_val_2.fq.gz
Approx 95% complete for WT_8_1_val_2.fq.gz
Approx 85% complete for R_KO_1_2_val_1.fq.gz
Approx 80% complete for KO_12_2_val_1.fq.gz
Approx 80% complete for KO_12_2_val_2.fq.gz
Approx 10% complete for R_KO_1_1_val_2.fq.gz
Approx 5% complete for WT_8_3_val_2.fq.gz
Approx 80% complete for KO_12_1_val_1.fq.gz
Analysis complete for WT_8_1_val_2.fq.gz
application/gzip
Started analysis of R_KO_1_3_val_2.fq.gz
Approx 85% complete for R_KO_1_2_val_2.fq.gz
Approx 90% complete for R_KO_1_2_val_1.fq.gz
Approx 85% complete for KO_12_2_val_1.fq.gz
Approx 85% complete for KO_12_2_val_2.fq.gz
Approx 10% complete for WT_8_3_val_2.fq.gz
Approx 85% complete for KO_12_1_val_1.fq.gz
Approx 90% complete for R_KO_1_2_val_2.fq.gz
Approx 5% complete for R_KO_1_3_val_2.fq.gz
Approx 15% complete for R_KO_1_1_val_2.fq.gz
Approx 95% complete for R_KO_1_2_val_1.fq.gz
Approx 15% complete for WT_8_3_val_2.fq.gz
Approx 90% complete for KO_12_2_val_1.fq.gz
Approx 90% complete for KO_12_2_val_2.fq.gz
Approx 90% complete for KO_12_1_val_1.fq.gz
Approx 10% complete for R_KO_1_3_val_2.fq.gz
Approx 95% complete for R_KO_1_2_val_2.fq.gz
Approx 20% complete for WT_8_3_val_2.fq.gz
Analysis complete for R_KO_1_2_val_1.fq.gz
Approx 20% complete for R_KO_1_1_val_2.fq.gz
application/gzip
Started analysis of KO_12_3_val_1.fq.gz
Approx 95% complete for KO_12_2_val_1.fq.gz
Approx 95% complete for KO_12_2_val_2.fq.gz
Approx 15% complete for R_KO_1_3_val_2.fq.gz
Analysis complete for R_KO_1_2_val_2.fq.gz
Approx 95% complete for KO_12_1_val_1.fq.gz
Approx 25% complete for WT_8_3_val_2.fq.gz
application/gzip
Started analysis of KO_12_1_val_2.fq.gz
Approx 5% complete for KO_12_3_val_1.fq.gz
Analysis complete for KO_12_2_val_1.fq.gz
Analysis complete for KO_12_2_val_2.fq.gz
Approx 25% complete for R_KO_1_1_val_2.fq.gz
Approx 20% complete for R_KO_1_3_val_2.fq.gz
application/gzip
application/gzip
Started analysis of WT_8_2_val_2.fq.gz
Started analysis of R_KO_1_1_val_1.fq.gz
Approx 30% complete for WT_8_3_val_2.fq.gz
Approx 10% complete for KO_12_3_val_1.fq.gz
Analysis complete for KO_12_1_val_1.fq.gz
application/gzip
Approx 5% complete for KO_12_1_val_2.fq.gz
Started analysis of WT_8_2_val_1.fq.gz
Approx 15% complete for KO_12_3_val_1.fq.gz
Approx 35% complete for WT_8_3_val_2.fq.gz
Approx 5% complete for WT_8_2_val_2.fq.gz
Approx 25% complete for R_KO_1_3_val_2.fq.gz
Approx 5% complete for WT_8_2_val_1.fq.gz
Approx 30% complete for R_KO_1_1_val_2.fq.gz
Approx 5% complete for R_KO_1_1_val_1.fq.gz
Approx 20% complete for KO_12_3_val_1.fq.gz
Approx 10% complete for KO_12_1_val_2.fq.gz
Approx 40% complete for WT_8_3_val_2.fq.gz
Approx 10% complete for WT_8_2_val_2.fq.gz
Approx 30% complete for R_KO_1_3_val_2.fq.gz
Approx 10% complete for WT_8_2_val_1.fq.gz
Approx 25% complete for KO_12_3_val_1.fq.gz
Approx 15% complete for WT_8_2_val_2.fq.gz
Approx 45% complete for WT_8_3_val_2.fq.gz
Approx 35% complete for R_KO_1_1_val_2.fq.gz
Approx 15% complete for KO_12_1_val_2.fq.gz
Approx 35% complete for R_KO_1_3_val_2.fq.gz
Approx 10% complete for R_KO_1_1_val_1.fq.gz
Approx 15% complete for WT_8_2_val_1.fq.gz
Approx 30% complete for KO_12_3_val_1.fq.gz
Approx 20% complete for WT_8_2_val_2.fq.gz
Approx 50% complete for WT_8_3_val_2.fq.gz
Approx 20% complete for WT_8_2_val_1.fq.gz
Approx 35% complete for KO_12_3_val_1.fq.gz
Approx 40% complete for R_KO_1_3_val_2.fq.gz
Approx 20% complete for KO_12_1_val_2.fq.gz
Approx 25% complete for WT_8_2_val_2.fq.gz
Approx 40% complete for R_KO_1_1_val_2.fq.gz
Approx 15% complete for R_KO_1_1_val_1.fq.gz
Approx 55% complete for WT_8_3_val_2.fq.gz
Approx 40% complete for KO_12_3_val_1.fq.gz
Approx 25% complete for WT_8_2_val_1.fq.gz
Approx 45% complete for R_KO_1_3_val_2.fq.gz
Approx 30% complete for WT_8_2_val_2.fq.gz
Approx 60% complete for WT_8_3_val_2.fq.gz
Approx 45% complete for KO_12_3_val_1.fq.gz
Approx 25% complete for KO_12_1_val_2.fq.gz
Approx 30% complete for WT_8_2_val_1.fq.gz
Approx 45% complete for R_KO_1_1_val_2.fq.gz
Approx 20% complete for R_KO_1_1_val_1.fq.gz
Approx 35% complete for WT_8_2_val_2.fq.gz
Approx 50% complete for R_KO_1_3_val_2.fq.gz
Approx 50% complete for KO_12_3_val_1.fq.gz
Approx 65% complete for WT_8_3_val_2.fq.gz
Approx 35% complete for WT_8_2_val_1.fq.gz
Approx 30% complete for KO_12_1_val_2.fq.gz
Approx 40% complete for WT_8_2_val_2.fq.gz
Approx 55% complete for KO_12_3_val_1.fq.gz
Approx 40% complete for WT_8_2_val_1.fq.gz
Approx 70% complete for WT_8_3_val_2.fq.gz
Approx 55% complete for R_KO_1_3_val_2.fq.gz
Approx 50% complete for R_KO_1_1_val_2.fq.gz
Approx 25% complete for R_KO_1_1_val_1.fq.gz
Approx 60% complete for KO_12_3_val_1.fq.gz
Approx 45% complete for WT_8_2_val_2.fq.gz
Approx 35% complete for KO_12_1_val_2.fq.gz
Approx 45% complete for WT_8_2_val_1.fq.gz
Approx 75% complete for WT_8_3_val_2.fq.gz
Approx 60% complete for R_KO_1_3_val_2.fq.gz
Approx 65% complete for KO_12_3_val_1.fq.gz
Approx 50% complete for WT_8_2_val_2.fq.gz
Approx 55% complete for R_KO_1_1_val_2.fq.gz
Approx 50% complete for WT_8_2_val_1.fq.gz
Approx 30% complete for R_KO_1_1_val_1.fq.gz
Approx 80% complete for WT_8_3_val_2.fq.gz
Approx 40% complete for KO_12_1_val_2.fq.gz
Approx 65% complete for R_KO_1_3_val_2.fq.gz
Approx 70% complete for KO_12_3_val_1.fq.gz
Approx 55% complete for WT_8_2_val_2.fq.gz
Approx 55% complete for WT_8_2_val_1.fq.gz
Approx 85% complete for WT_8_3_val_2.fq.gz
Approx 75% complete for KO_12_3_val_1.fq.gz
Approx 70% complete for R_KO_1_3_val_2.fq.gz
Approx 60% complete for R_KO_1_1_val_2.fq.gz
Approx 60% complete for WT_8_2_val_2.fq.gz
Approx 35% complete for R_KO_1_1_val_1.fq.gz
Approx 45% complete for KO_12_1_val_2.fq.gz
Approx 60% complete for WT_8_2_val_1.fq.gz
Approx 80% complete for KO_12_3_val_1.fq.gz
Approx 90% complete for WT_8_3_val_2.fq.gz
Approx 65% complete for WT_8_2_val_2.fq.gz
Approx 75% complete for R_KO_1_3_val_2.fq.gz
Approx 65% complete for WT_8_2_val_1.fq.gz
Approx 85% complete for KO_12_3_val_1.fq.gz
Approx 50% complete for KO_12_1_val_2.fq.gz
Approx 95% complete for WT_8_3_val_2.fq.gz
Approx 65% complete for R_KO_1_1_val_2.fq.gz
Approx 40% complete for R_KO_1_1_val_1.fq.gz
Approx 70% complete for WT_8_2_val_2.fq.gz
Approx 70% complete for WT_8_2_val_1.fq.gz
Approx 80% complete for R_KO_1_3_val_2.fq.gz
Approx 90% complete for KO_12_3_val_1.fq.gz
Analysis complete for WT_8_3_val_2.fq.gz
application/gzip
Started analysis of R_KO_1_3_val_1.fq.gz
Approx 75% complete for WT_8_2_val_2.fq.gz
Approx 55% complete for KO_12_1_val_2.fq.gz
Approx 75% complete for WT_8_2_val_1.fq.gz
Approx 95% complete for KO_12_3_val_1.fq.gz
Approx 70% complete for R_KO_1_1_val_2.fq.gz
Approx 85% complete for R_KO_1_3_val_2.fq.gz
Approx 45% complete for R_KO_1_1_val_1.fq.gz
Approx 80% complete for WT_8_2_val_2.fq.gz
Approx 80% complete for WT_8_2_val_1.fq.gz
Analysis complete for KO_12_3_val_1.fq.gz
Approx 5% complete for R_KO_1_3_val_1.fq.gz
application/gzip
Started analysis of WT_8_1_val_1.fq.gz
Approx 60% complete for KO_12_1_val_2.fq.gz
Approx 90% complete for R_KO_1_3_val_2.fq.gz
Approx 85% complete for WT_8_2_val_2.fq.gz
Approx 85% complete for WT_8_2_val_1.fq.gz
Approx 75% complete for R_KO_1_1_val_2.fq.gz
Approx 50% complete for R_KO_1_1_val_1.fq.gz
Approx 10% complete for R_KO_1_3_val_1.fq.gz
Approx 5% complete for WT_8_1_val_1.fq.gz
Approx 95% complete for R_KO_1_3_val_2.fq.gz
Approx 65% complete for KO_12_1_val_2.fq.gz
Approx 90% complete for WT_8_2_val_1.fq.gz
Approx 90% complete for WT_8_2_val_2.fq.gz
Approx 15% complete for R_KO_1_3_val_1.fq.gz
Approx 95% complete for WT_8_2_val_1.fq.gz
Approx 80% complete for R_KO_1_1_val_2.fq.gz
Approx 10% complete for WT_8_1_val_1.fq.gz
Approx 95% complete for WT_8_2_val_2.fq.gz
Analysis complete for R_KO_1_3_val_2.fq.gz
Approx 55% complete for R_KO_1_1_val_1.fq.gz
Approx 70% complete for KO_12_1_val_2.fq.gz
Analysis complete for WT_8_2_val_1.fq.gz
Analysis complete for WT_8_2_val_2.fq.gz
Approx 20% complete for R_KO_1_3_val_1.fq.gz
Approx 15% complete for WT_8_1_val_1.fq.gz
Approx 85% complete for R_KO_1_1_val_2.fq.gz
Approx 75% complete for KO_12_1_val_2.fq.gz
Approx 60% complete for R_KO_1_1_val_1.fq.gz
Approx 25% complete for R_KO_1_3_val_1.fq.gz
Approx 20% complete for WT_8_1_val_1.fq.gz
Approx 30% complete for R_KO_1_3_val_1.fq.gz
Approx 80% complete for KO_12_1_val_2.fq.gz
Approx 90% complete for R_KO_1_1_val_2.fq.gz
Approx 25% complete for WT_8_1_val_1.fq.gz
Approx 65% complete for R_KO_1_1_val_1.fq.gz
Approx 35% complete for R_KO_1_3_val_1.fq.gz
Approx 30% complete for WT_8_1_val_1.fq.gz
Approx 85% complete for KO_12_1_val_2.fq.gz
Approx 95% complete for R_KO_1_1_val_2.fq.gz
Approx 70% complete for R_KO_1_1_val_1.fq.gz
Approx 40% complete for R_KO_1_3_val_1.fq.gz
Approx 35% complete for WT_8_1_val_1.fq.gz
Approx 90% complete for KO_12_1_val_2.fq.gz
Approx 45% complete for R_KO_1_3_val_1.fq.gz
Analysis complete for R_KO_1_1_val_2.fq.gz
Approx 40% complete for WT_8_1_val_1.fq.gz
Approx 75% complete for R_KO_1_1_val_1.fq.gz
Approx 95% complete for KO_12_1_val_2.fq.gz
Approx 50% complete for R_KO_1_3_val_1.fq.gz
Approx 45% complete for WT_8_1_val_1.fq.gz
Approx 80% complete for R_KO_1_1_val_1.fq.gz
Approx 55% complete for R_KO_1_3_val_1.fq.gz
Analysis complete for KO_12_1_val_2.fq.gz
Approx 50% complete for WT_8_1_val_1.fq.gz
Approx 60% complete for R_KO_1_3_val_1.fq.gz
Approx 55% complete for WT_8_1_val_1.fq.gz
Approx 85% complete for R_KO_1_1_val_1.fq.gz
Approx 65% complete for R_KO_1_3_val_1.fq.gz
Approx 60% complete for WT_8_1_val_1.fq.gz
Approx 70% complete for R_KO_1_3_val_1.fq.gz
Approx 90% complete for R_KO_1_1_val_1.fq.gz
Approx 65% complete for WT_8_1_val_1.fq.gz
Approx 75% complete for R_KO_1_3_val_1.fq.gz
Approx 70% complete for WT_8_1_val_1.fq.gz
Approx 95% complete for R_KO_1_1_val_1.fq.gz
Approx 80% complete for R_KO_1_3_val_1.fq.gz
Approx 75% complete for WT_8_1_val_1.fq.gz
Approx 85% complete for R_KO_1_3_val_1.fq.gz
Analysis complete for R_KO_1_1_val_1.fq.gz
Approx 80% complete for WT_8_1_val_1.fq.gz
Approx 90% complete for R_KO_1_3_val_1.fq.gz
Approx 85% complete for WT_8_1_val_1.fq.gz
Approx 95% complete for R_KO_1_3_val_1.fq.gz
Approx 90% complete for WT_8_1_val_1.fq.gz
Analysis complete for R_KO_1_3_val_1.fq.gz
Approx 95% complete for WT_8_1_val_1.fq.gz
Analysis complete for WT_8_1_val_1.fq.gz
[2026-05-15 14:34:47] STEP 6 — MultiQC trimmed
[2026-05-15 14:34:55] STEP 7 — STAR alignment
	/home/micgdu/.conda/envs/rnaseq2tracks/bin/STAR-avx2 --genomeDir /home/micgdu/GenomicData/genomicIndices/hsapiens/STAR/STAR-2.7.11b_GRCh38_150bp --readFilesIn /home/micgdu/Analysis/Malewicz_LYAR/RNAseqAnalysis//trimmedFastq/KO_12_1_val_1.fq.gz /home/micgdu/Analysis/Malewicz_LYAR/RNAseqAnalysis//trimmedFastq/KO_12_1_val_2.fq.gz --readFilesCommand zcat --outSAMattributes NH HI NM MD --outSAMtype BAM Unsorted --outFileNamePrefix /home/micgdu/Analysis/Malewicz_LYAR/RNAseqAnalysis//STARalignments/KO_12_1_ --outMultimapperOrder Random --outSAMmultNmax 1 --chimSegmentMin 15 --quantMode GeneCounts --genomeLoad LoadAndKeep --peOverlapNbasesMin 10 --outTmpDir /tmp/STAR_tmp_KO_12_1_734323 --runThreadN 15
	STAR version: 2.7.11b   compiled: 2025-11-14T12:06:42+0000 :/opt/conda/conda-bld/star_1763121846936/work/source
May 15 14:34:55 ..... started STAR run
May 15 14:34:55 ..... loading genome
	/home/micgdu/.conda/envs/rnaseq2tracks/bin/STAR-avx2 --genomeDir /home/micgdu/GenomicData/genomicIndices/hsapiens/STAR/STAR-2.7.11b_GRCh38_150bp --readFilesIn /home/micgdu/Analysis/Malewicz_LYAR/RNAseqAnalysis//trimmedFastq/KO_12_2_val_1.fq.gz /home/micgdu/Analysis/Malewicz_LYAR/RNAseqAnalysis//trimmedFastq/KO_12_2_val_2.fq.gz --readFilesCommand zcat --outSAMattributes NH HI NM MD --outSAMtype BAM Unsorted --outFileNamePrefix /home/micgdu/Analysis/Malewicz_LYAR/RNAseqAnalysis//STARalignments/KO_12_2_ --outMultimapperOrder Random --outSAMmultNmax 1 --chimSegmentMin 15 --quantMode GeneCounts --genomeLoad LoadAndKeep --peOverlapNbasesMin 10 --outTmpDir /tmp/STAR_tmp_KO_12_2_734325 --runThreadN 15
	STAR version: 2.7.11b   compiled: 2025-11-14T12:06:42+0000 :/opt/conda/conda-bld/star_1763121846936/work/source
May 15 14:34:55 ..... started STAR run
May 15 14:34:55 ..... loading genome
	/home/micgdu/.conda/envs/rnaseq2tracks/bin/STAR-avx2 --genomeDir /home/micgdu/GenomicData/genomicIndices/hsapiens/STAR/STAR-2.7.11b_GRCh38_150bp --readFilesIn /home/micgdu/Analysis/Malewicz_LYAR/RNAseqAnalysis//trimmedFastq/R_KO_1_2_val_1.fq.gz /home/micgdu/Analysis/Malewicz_LYAR/RNAseqAnalysis//trimmedFastq/R_KO_1_2_val_2.fq.gz --readFilesCommand zcat --outSAMattributes NH HI NM MD --outSAMtype BAM Unsorted --outFileNamePrefix /home/micgdu/Analysis/Malewicz_LYAR/RNAseqAnalysis//STARalignments/R_KO_1_2_ --outMultimapperOrder Random --outSAMmultNmax 1 --chimSegmentMin 15 --quantMode GeneCounts --genomeLoad LoadAndKeep --peOverlapNbasesMin 10 --outTmpDir /tmp/STAR_tmp_R_KO_1_2_734331 --runThreadN 15
	STAR version: 2.7.11b   compiled: 2025-11-14T12:06:42+0000 :/opt/conda/conda-bld/star_1763121846936/work/source
May 15 14:34:55 ..... started STAR run
May 15 14:34:55 ..... loading genome
	/home/micgdu/.conda/envs/rnaseq2tracks/bin/STAR-avx2 --genomeDir /home/micgdu/GenomicData/genomicIndices/hsapiens/STAR/STAR-2.7.11b_GRCh38_150bp --readFilesIn /home/micgdu/Analysis/Malewicz_LYAR/RNAseqAnalysis//trimmedFastq/WT_8_1_val_1.fq.gz /home/micgdu/Analysis/Malewicz_LYAR/RNAseqAnalysis//trimmedFastq/WT_8_1_val_2.fq.gz --readFilesCommand zcat --outSAMattributes NH HI NM MD --outSAMtype BAM Unsorted --outFileNamePrefix /home/micgdu/Analysis/Malewicz_LYAR/RNAseqAnalysis//STARalignments/WT_8_1_ --outMultimapperOrder Random --outSAMmultNmax 1 --chimSegmentMin 15 --quantMode GeneCounts --genomeLoad LoadAndKeep --peOverlapNbasesMin 10 --outTmpDir /tmp/STAR_tmp_WT_8_1_734335 --runThreadN 15
	STAR version: 2.7.11b   compiled: 2025-11-14T12:06:42+0000 :/opt/conda/conda-bld/star_1763121846936/work/source
May 15 14:34:55 ..... started STAR run
May 15 14:34:55 ..... loading genome
	/home/micgdu/.conda/envs/rnaseq2tracks/bin/STAR-avx2 --genomeDir /home/micgdu/GenomicData/genomicIndices/hsapiens/STAR/STAR-2.7.11b_GRCh38_150bp --readFilesIn /home/micgdu/Analysis/Malewicz_LYAR/RNAseqAnalysis//trimmedFastq/KO_12_3_val_1.fq.gz /home/micgdu/Analysis/Malewicz_LYAR/RNAseqAnalysis//trimmedFastq/KO_12_3_val_2.fq.gz --readFilesCommand zcat --outSAMattributes NH HI NM MD --outSAMtype BAM Unsorted --outFileNamePrefix /home/micgdu/Analysis/Malewicz_LYAR/RNAseqAnalysis//STARalignments/KO_12_3_ --outMultimapperOrder Random --outSAMmultNmax 1 --chimSegmentMin 15 --quantMode GeneCounts --genomeLoad LoadAndKeep --peOverlapNbasesMin 10 --outTmpDir /tmp/STAR_tmp_KO_12_3_734327 --runThreadN 15
	STAR version: 2.7.11b   compiled: 2025-11-14T12:06:42+0000 :/opt/conda/conda-bld/star_1763121846936/work/source
May 15 14:34:55 ..... started STAR run
May 15 14:34:55 ..... loading genome
	/home/micgdu/.conda/envs/rnaseq2tracks/bin/STAR-avx2 --genomeDir /home/micgdu/GenomicData/genomicIndices/hsapiens/STAR/STAR-2.7.11b_GRCh38_150bp --readFilesIn /home/micgdu/Analysis/Malewicz_LYAR/RNAseqAnalysis//trimmedFastq/R_KO_1_1_val_1.fq.gz /home/micgdu/Analysis/Malewicz_LYAR/RNAseqAnalysis//trimmedFastq/R_KO_1_1_val_2.fq.gz --readFilesCommand zcat --outSAMattributes NH HI NM MD --outSAMtype BAM Unsorted --outFileNamePrefix /home/micgdu/Analysis/Malewicz_LYAR/RNAseqAnalysis//STARalignments/R_KO_1_1_ --outMultimapperOrder Random --outSAMmultNmax 1 --chimSegmentMin 15 --quantMode GeneCounts --genomeLoad LoadAndKeep --peOverlapNbasesMin 10 --outTmpDir /tmp/STAR_tmp_R_KO_1_1_734329 --runThreadN 15
	STAR version: 2.7.11b   compiled: 2025-11-14T12:06:42+0000 :/opt/conda/conda-bld/star_1763121846936/work/source
May 15 14:34:55 ..... started STAR run
May 15 14:34:55 ..... loading genome
	/home/micgdu/.conda/envs/rnaseq2tracks/bin/STAR-avx2 --genomeDir /home/micgdu/GenomicData/genomicIndices/hsapiens/STAR/STAR-2.7.11b_GRCh38_150bp --readFilesIn /home/micgdu/Analysis/Malewicz_LYAR/RNAseqAnalysis//trimmedFastq/R_KO_1_3_val_1.fq.gz /home/micgdu/Analysis/Malewicz_LYAR/RNAseqAnalysis//trimmedFastq/R_KO_1_3_val_2.fq.gz --readFilesCommand zcat --outSAMattributes NH HI NM MD --outSAMtype BAM Unsorted --outFileNamePrefix /home/micgdu/Analysis/Malewicz_LYAR/RNAseqAnalysis//STARalignments/R_KO_1_3_ --outMultimapperOrder Random --outSAMmultNmax 1 --chimSegmentMin 15 --quantMode GeneCounts --genomeLoad LoadAndKeep --peOverlapNbasesMin 10 --outTmpDir /tmp/STAR_tmp_R_KO_1_3_734333 --runThreadN 15
	STAR version: 2.7.11b   compiled: 2025-11-14T12:06:42+0000 :/opt/conda/conda-bld/star_1763121846936/work/source
May 15 14:34:55 ..... started STAR run
May 15 14:34:55 ..... loading genome
	/home/micgdu/.conda/envs/rnaseq2tracks/bin/STAR-avx2 --genomeDir /home/micgdu/GenomicData/genomicIndices/hsapiens/STAR/STAR-2.7.11b_GRCh38_150bp --readFilesIn /home/micgdu/Analysis/Malewicz_LYAR/RNAseqAnalysis//trimmedFastq/WT_8_2_val_1.fq.gz /home/micgdu/Analysis/Malewicz_LYAR/RNAseqAnalysis//trimmedFastq/WT_8_2_val_2.fq.gz --readFilesCommand zcat --outSAMattributes NH HI NM MD --outSAMtype BAM Unsorted --outFileNamePrefix /home/micgdu/Analysis/Malewicz_LYAR/RNAseqAnalysis//STARalignments/WT_8_2_ --outMultimapperOrder Random --outSAMmultNmax 1 --chimSegmentMin 15 --quantMode GeneCounts --genomeLoad LoadAndKeep --peOverlapNbasesMin 10 --outTmpDir /tmp/STAR_tmp_WT_8_2_734337 --runThreadN 15
	STAR version: 2.7.11b   compiled: 2025-11-14T12:06:42+0000 :/opt/conda/conda-bld/star_1763121846936/work/source
May 15 14:34:55 ..... started STAR run
May 15 14:34:55 ..... loading genome
May 15 14:35:42 ..... started mapping

EXITING because of fatal PARAMETERS error: --chimMultimapNmax 0 (default old chimeric detection) and --peOverlapNbasesMin > 0 (merging ovelrapping mates) presently only works with --chimOutType WithinBAM
SOLUTION: re-run with --chimOutType WithinBAM

May 15 14:35:42 ...... FATAL ERROR, exiting
May 15 14:35:43 ..... started mapping

EXITING because of fatal PARAMETERS error: --chimMultimapNmax 0 (default old chimeric detection) and --peOverlapNbasesMin > 0 (merging ovelrapping mates) presently only works with --chimOutType WithinBAM
SOLUTION: re-run with --chimOutType WithinBAM

May 15 14:35:43 ...... FATAL ERROR, exiting
	/home/micgdu/.conda/envs/rnaseq2tracks/bin/STAR-avx2 --genomeDir /home/micgdu/GenomicData/genomicIndices/hsapiens/STAR/STAR-2.7.11b_GRCh38_150bp --readFilesIn /home/micgdu/Analysis/Malewicz_LYAR/RNAseqAnalysis//trimmedFastq/WT_8_3_val_1.fq.gz /home/micgdu/Analysis/Malewicz_LYAR/RNAseqAnalysis//trimmedFastq/WT_8_3_val_2.fq.gz --readFilesCommand zcat --outSAMattributes NH HI NM MD --outSAMtype BAM Unsorted --outFileNamePrefix /home/micgdu/Analysis/Malewicz_LYAR/RNAseqAnalysis//STARalignments/WT_8_3_ --outMultimapperOrder Random --outSAMmultNmax 1 --chimSegmentMin 15 --quantMode GeneCounts --genomeLoad LoadAndKeep --peOverlapNbasesMin 10 --outTmpDir /tmp/STAR_tmp_WT_8_3_734773 --runThreadN 15
	STAR version: 2.7.11b   compiled: 2025-11-14T12:06:42+0000 :/opt/conda/conda-bld/star_1763121846936/work/source
May 15 14:35:45 ..... started STAR run
May 15 14:35:45 ..... loading genome
May 15 14:35:46 ..... started mapping

EXITING because of fatal PARAMETERS error: --chimMultimapNmax 0 (default old chimeric detection) and --peOverlapNbasesMin > 0 (merging ovelrapping mates) presently only works with --chimOutType WithinBAM
SOLUTION: re-run with --chimOutType WithinBAM

May 15 14:35:46 ...... FATAL ERROR, exiting
May 15 14:35:55 ..... started mapping

EXITING because of fatal PARAMETERS error: --chimMultimapNmax 0 (default old chimeric detection) and --peOverlapNbasesMin > 0 (merging ovelrapping mates) presently only works with --chimOutType WithinBAM
SOLUTION: re-run with --chimOutType WithinBAM

May 15 14:35:55 ...... FATAL ERROR, exiting
May 15 14:35:55 ..... started mapping

EXITING because of fatal PARAMETERS error: --chimMultimapNmax 0 (default old chimeric detection) and --peOverlapNbasesMin > 0 (merging ovelrapping mates) presently only works with --chimOutType WithinBAM
SOLUTION: re-run with --chimOutType WithinBAM

May 15 14:35:55 ...... FATAL ERROR, exiting
May 15 14:35:55 ..... started mapping

EXITING because of fatal PARAMETERS error: --chimMultimapNmax 0 (default old chimeric detection) and --peOverlapNbasesMin > 0 (merging ovelrapping mates) presently only works with --chimOutType WithinBAM
SOLUTION: re-run with --chimOutType WithinBAM

May 15 14:35:55 ...... FATAL ERROR, exiting
May 15 14:35:56 ..... started mapping
May 15 14:35:56 ..... started mapping

EXITING because of fatal PARAMETERS error: --chimMultimapNmax 0 (default old chimeric detection) and --peOverlapNbasesMin > 0 (merging ovelrapping mates) presently only works with --chimOutType WithinBAM
SOLUTION: re-run with --chimOutType WithinBAM

May 15 14:35:56 ...... FATAL ERROR, exiting

EXITING because of fatal PARAMETERS error: --chimMultimapNmax 0 (default old chimeric detection) and --peOverlapNbasesMin > 0 (merging ovelrapping mates) presently only works with --chimOutType WithinBAM
SOLUTION: re-run with --chimOutType WithinBAM

May 15 14:35:56 ...... FATAL ERROR, exiting
May 15 14:35:56 ..... started mapping

EXITING because of fatal PARAMETERS error: --chimMultimapNmax 0 (default old chimeric detection) and --peOverlapNbasesMin > 0 (merging ovelrapping mates) presently only works with --chimOutType WithinBAM
SOLUTION: re-run with --chimOutType WithinBAM

May 15 14:35:56 ...... FATAL ERROR, exiting
[2026-05-15 14:35:56] ERROR: a background job failed
[2026-05-15 14:55:52] STEP 0 — Preflight checks

── 1. Core tools ────────────────────────────────────────
  [ OK ] STAR
  [ OK ] samtools
  [ OK ] bedtools
  [ OK ] fastqc
  [ OK ] trim_galore
  [ OK ] fastqc
  [ OK ] multiqc
  [ OK ] Rscript

── 2. bedGraphToBigWig ────────────────────────────────────────
  [ OK ] bedGraphToBigWig: /home/micgdu/kentutils//bedGraphToBigWig

── 3. R packages ────────────────────────────────────────
  [ OK ] R: DESeq2
  [ OK ] R: apeglm
  [ OK ] R: Rsamtools
  [ OK ] R: GenomicAlignments
  [ OK ] R: rtracklayer
  [ OK ] R: GenomicFeatures
  [ OK ] R: GenomicRanges
  [ OK ] R: vsn
  [ OK ] R: pheatmap
  [ OK ] R: RColorBrewer
  [ OK ] R: ggplot2
  [ OK ] R: data.table
  [ OK ] R: optparse
  [ OK ] R: knitr
  [ OK ] R: kableExtra
  [ OK ] R: rmarkdown

── 4. RSeQC ────────────────────────────────────────
  [ OK ] RSeQC: infer_experiment.py (PATH)
  [ OK ] RSeQC: read_distribution.py (PATH)
  [ OK ] RSeQC: geneBody_coverage.py (PATH)
  [ OK ] RSeQC: junction_annotation.py (PATH)
  [ OK ] RSeQC: junction_saturation.py (PATH)

── 5. RSeQC BED ────────────────────────────────────────
  [ OK ] RSEQC_BED: /home/micgdu/GenomicData/genomesDec2022/gencode.v42.primary_assembly.annotation.bed

── 6. Genome files ────────────────────────────────────────
  [ OK ] STAR index: /home/micgdu/GenomicData/genomicIndices/hsapiens/STAR/STAR-2.7.11b_GRCh38_150bp
  [ OK ] GTF: /home/micgdu/GenomicData/genomesDec2022/gencode.v42.primary_assembly.annotation.gtf
  [ OK ] chrom.sizes: /home/micgdu/GenomicData/genomesDec2022/hs38n.chrom.sizes

── 7. Samplesheet ────────────────────────────────────────
  [ OK ] Samplesheet: 9 samples

════════════════════════════════════════
Preflight: 0 FAIL  0 WARN
════════════════════════════════════════
Preflight passed.
[2026-05-15 14:56:40] STEP 1 — Output: /home/micgdu/Analysis/Malewicz_LYAR/RNAseqAnalysis/
[2026-05-15 14:56:40] Loaded 9 samples  layout=PE  species=human
[2026-05-15 14:56:40] SKIP — STEP 2 — FastQC raw (output exists; set FORCE_RERUN=1 to rerun)
[2026-05-15 14:56:40] SKIP — STEP 3 — MultiQC raw (output exists; set FORCE_RERUN=1 to rerun)
[2026-05-15 14:56:40] SKIP — STEP 4 — TrimGalore (output exists; set FORCE_RERUN=1 to rerun)
[2026-05-15 14:56:40] SKIP — STEP 5+6 — FastQC/MultiQC trimmed (output exists; set FORCE_RERUN=1 to rerun)
[2026-05-15 14:56:40] STEP 7 — STAR alignment
	/home/micgdu/.conda/envs/rnaseq2tracks/bin/STAR-avx2 --genomeDir /home/micgdu/GenomicData/genomicIndices/hsapiens/STAR/STAR-2.7.11b_GRCh38_150bp --readFilesIn /home/micgdu/Analysis/Malewicz_LYAR/RNAseqAnalysis//trimmedFastq/KO_12_1_val_1.fq.gz /home/micgdu/Analysis/Malewicz_LYAR/RNAseqAnalysis//trimmedFastq/KO_12_1_val_2.fq.gz --readFilesCommand zcat --outSAMattributes NH HI NM MD --outSAMtype BAM Unsorted --outFileNamePrefix /home/micgdu/Analysis/Malewicz_LYAR/RNAseqAnalysis//STARalignments/KO_12_1_ --outMultimapperOrder Random --outSAMmultNmax 1 --chimSegmentMin 15 --quantMode GeneCounts --genomeLoad LoadAndKeep --outTmpDir /tmp/STAR_tmp_KO_12_1_744763 --runThreadN 15
	STAR version: 2.7.11b   compiled: 2025-11-14T12:06:42+0000 :/opt/conda/conda-bld/star_1763121846936/work/source
May 15 14:56:40 ..... started STAR run
May 15 14:56:40 ..... loading genome
	/home/micgdu/.conda/envs/rnaseq2tracks/bin/STAR-avx2 --genomeDir /home/micgdu/GenomicData/genomicIndices/hsapiens/STAR/STAR-2.7.11b_GRCh38_150bp --readFilesIn /home/micgdu/Analysis/Malewicz_LYAR/RNAseqAnalysis//trimmedFastq/KO_12_3_val_1.fq.gz /home/micgdu/Analysis/Malewicz_LYAR/RNAseqAnalysis//trimmedFastq/KO_12_3_val_2.fq.gz --readFilesCommand zcat --outSAMattributes NH HI NM MD --outSAMtype BAM Unsorted --outFileNamePrefix /home/micgdu/Analysis/Malewicz_LYAR/RNAseqAnalysis//STARalignments/KO_12_3_ --outMultimapperOrder Random --outSAMmultNmax 1 --chimSegmentMin 15 --quantMode GeneCounts --genomeLoad LoadAndKeep --outTmpDir /tmp/STAR_tmp_KO_12_3_744767 --runThreadN 15
	STAR version: 2.7.11b   compiled: 2025-11-14T12:06:42+0000 :/opt/conda/conda-bld/star_1763121846936/work/source
May 15 14:56:40 ..... started STAR run
May 15 14:56:40 ..... loading genome
	/home/micgdu/.conda/envs/rnaseq2tracks/bin/STAR-avx2 --genomeDir /home/micgdu/GenomicData/genomicIndices/hsapiens/STAR/STAR-2.7.11b_GRCh38_150bp --readFilesIn /home/micgdu/Analysis/Malewicz_LYAR/RNAseqAnalysis//trimmedFastq/KO_12_2_val_1.fq.gz /home/micgdu/Analysis/Malewicz_LYAR/RNAseqAnalysis//trimmedFastq/KO_12_2_val_2.fq.gz --readFilesCommand zcat --outSAMattributes NH HI NM MD --outSAMtype BAM Unsorted --outFileNamePrefix /home/micgdu/Analysis/Malewicz_LYAR/RNAseqAnalysis//STARalignments/KO_12_2_ --outMultimapperOrder Random --outSAMmultNmax 1 --chimSegmentMin 15 --quantMode GeneCounts --genomeLoad LoadAndKeep --outTmpDir /tmp/STAR_tmp_KO_12_2_744765 --runThreadN 15
	STAR version: 2.7.11b   compiled: 2025-11-14T12:06:42+0000 :/opt/conda/conda-bld/star_1763121846936/work/source
May 15 14:56:40 ..... started STAR run
May 15 14:56:40 ..... loading genome
	/home/micgdu/.conda/envs/rnaseq2tracks/bin/STAR-avx2 --genomeDir /home/micgdu/GenomicData/genomicIndices/hsapiens/STAR/STAR-2.7.11b_GRCh38_150bp --readFilesIn /home/micgdu/Analysis/Malewicz_LYAR/RNAseqAnalysis//trimmedFastq/R_KO_1_1_val_1.fq.gz /home/micgdu/Analysis/Malewicz_LYAR/RNAseqAnalysis//trimmedFastq/R_KO_1_1_val_2.fq.gz --readFilesCommand zcat --outSAMattributes NH HI NM MD --outSAMtype BAM Unsorted --outFileNamePrefix /home/micgdu/Analysis/Malewicz_LYAR/RNAseqAnalysis//STARalignments/R_KO_1_1_ --outMultimapperOrder Random --outSAMmultNmax 1 --chimSegmentMin 15 --quantMode GeneCounts --genomeLoad LoadAndKeep --outTmpDir /tmp/STAR_tmp_R_KO_1_1_744768 --runThreadN 15
	STAR version: 2.7.11b   compiled: 2025-11-14T12:06:42+0000 :/opt/conda/conda-bld/star_1763121846936/work/source
May 15 14:56:40 ..... started STAR run
May 15 14:56:40 ..... loading genome
	/home/micgdu/.conda/envs/rnaseq2tracks/bin/STAR-avx2 --genomeDir /home/micgdu/GenomicData/genomicIndices/hsapiens/STAR/STAR-2.7.11b_GRCh38_150bp --readFilesIn /home/micgdu/Analysis/Malewicz_LYAR/RNAseqAnalysis//trimmedFastq/R_KO_1_2_val_1.fq.gz /home/micgdu/Analysis/Malewicz_LYAR/RNAseqAnalysis//trimmedFastq/R_KO_1_2_val_2.fq.gz --readFilesCommand zcat --outSAMattributes NH HI NM MD --outSAMtype BAM Unsorted --outFileNamePrefix /home/micgdu/Analysis/Malewicz_LYAR/RNAseqAnalysis//STARalignments/R_KO_1_2_ --outMultimapperOrder Random --outSAMmultNmax 1 --chimSegmentMin 15 --quantMode GeneCounts --genomeLoad LoadAndKeep --outTmpDir /tmp/STAR_tmp_R_KO_1_2_744771 --runThreadN 15
	STAR version: 2.7.11b   compiled: 2025-11-14T12:06:42+0000 :/opt/conda/conda-bld/star_1763121846936/work/source
May 15 14:56:40 ..... started STAR run
May 15 14:56:40 ..... loading genome
	/home/micgdu/.conda/envs/rnaseq2tracks/bin/STAR-avx2 --genomeDir /home/micgdu/GenomicData/genomicIndices/hsapiens/STAR/STAR-2.7.11b_GRCh38_150bp --readFilesIn /home/micgdu/Analysis/Malewicz_LYAR/RNAseqAnalysis//trimmedFastq/R_KO_1_3_val_1.fq.gz /home/micgdu/Analysis/Malewicz_LYAR/RNAseqAnalysis//trimmedFastq/R_KO_1_3_val_2.fq.gz --readFilesCommand zcat --outSAMattributes NH HI NM MD --outSAMtype BAM Unsorted --outFileNamePrefix /home/micgdu/Analysis/Malewicz_LYAR/RNAseqAnalysis//STARalignments/R_KO_1_3_ --outMultimapperOrder Random --outSAMmultNmax 1 --chimSegmentMin 15 --quantMode GeneCounts --genomeLoad LoadAndKeep --outTmpDir /tmp/STAR_tmp_R_KO_1_3_744773 --runThreadN 15
	STAR version: 2.7.11b   compiled: 2025-11-14T12:06:42+0000 :/opt/conda/conda-bld/star_1763121846936/work/source
May 15 14:56:40 ..... started STAR run
May 15 14:56:40 ..... loading genome
	/home/micgdu/.conda/envs/rnaseq2tracks/bin/STAR-avx2 --genomeDir /home/micgdu/GenomicData/genomicIndices/hsapiens/STAR/STAR-2.7.11b_GRCh38_150bp --readFilesIn /home/micgdu/Analysis/Malewicz_LYAR/RNAseqAnalysis//trimmedFastq/WT_8_1_val_1.fq.gz /home/micgdu/Analysis/Malewicz_LYAR/RNAseqAnalysis//trimmedFastq/WT_8_1_val_2.fq.gz --readFilesCommand zcat --outSAMattributes NH HI NM MD --outSAMtype BAM Unsorted --outFileNamePrefix /home/micgdu/Analysis/Malewicz_LYAR/RNAseqAnalysis//STARalignments/WT_8_1_ --outMultimapperOrder Random --outSAMmultNmax 1 --chimSegmentMin 15 --quantMode GeneCounts --genomeLoad LoadAndKeep --outTmpDir /tmp/STAR_tmp_WT_8_1_744775 --runThreadN 15
	STAR version: 2.7.11b   compiled: 2025-11-14T12:06:42+0000 :/opt/conda/conda-bld/star_1763121846936/work/source
May 15 14:56:40 ..... started STAR run
May 15 14:56:40 ..... loading genome
	/home/micgdu/.conda/envs/rnaseq2tracks/bin/STAR-avx2 --genomeDir /home/micgdu/GenomicData/genomicIndices/hsapiens/STAR/STAR-2.7.11b_GRCh38_150bp --readFilesIn /home/micgdu/Analysis/Malewicz_LYAR/RNAseqAnalysis//trimmedFastq/WT_8_2_val_1.fq.gz /home/micgdu/Analysis/Malewicz_LYAR/RNAseqAnalysis//trimmedFastq/WT_8_2_val_2.fq.gz --readFilesCommand zcat --outSAMattributes NH HI NM MD --outSAMtype BAM Unsorted --outFileNamePrefix /home/micgdu/Analysis/Malewicz_LYAR/RNAseqAnalysis//STARalignments/WT_8_2_ --outMultimapperOrder Random --outSAMmultNmax 1 --chimSegmentMin 15 --quantMode GeneCounts --genomeLoad LoadAndKeep --outTmpDir /tmp/STAR_tmp_WT_8_2_744777 --runThreadN 15
	STAR version: 2.7.11b   compiled: 2025-11-14T12:06:42+0000 :/opt/conda/conda-bld/star_1763121846936/work/source
May 15 14:56:40 ..... started STAR run
May 15 14:56:40 ..... loading genome
May 15 14:56:40 ..... started mapping
May 15 14:56:40 ..... started mapping
May 15 14:56:40 ..... started mapping
May 15 14:56:40 ..... started mapping
May 15 14:56:40 ..... started mapping
May 15 14:56:40 ..... started mapping
May 15 14:56:40 ..... started mapping
May 15 14:56:40 ..... started mapping
May 15 15:06:42 ..... finished mapping
May 15 15:06:44 ..... finished successfully
	/home/micgdu/.conda/envs/rnaseq2tracks/bin/STAR-avx2 --genomeDir /home/micgdu/GenomicData/genomicIndices/hsapiens/STAR/STAR-2.7.11b_GRCh38_150bp --readFilesIn /home/micgdu/Analysis/Malewicz_LYAR/RNAseqAnalysis//trimmedFastq/WT_8_3_val_1.fq.gz /home/micgdu/Analysis/Malewicz_LYAR/RNAseqAnalysis//trimmedFastq/WT_8_3_val_2.fq.gz --readFilesCommand zcat --outSAMattributes NH HI NM MD --outSAMtype BAM Unsorted --outFileNamePrefix /home/micgdu/Analysis/Malewicz_LYAR/RNAseqAnalysis//STARalignments/WT_8_3_ --outMultimapperOrder Random --outSAMmultNmax 1 --chimSegmentMin 15 --quantMode GeneCounts --genomeLoad LoadAndKeep --outTmpDir /tmp/STAR_tmp_WT_8_3_749084 --runThreadN 15
	STAR version: 2.7.11b   compiled: 2025-11-14T12:06:42+0000 :/opt/conda/conda-bld/star_1763121846936/work/source
May 15 15:06:47 ..... started STAR run
May 15 15:06:47 ..... loading genome
May 15 15:06:48 ..... started mapping
May 15 15:07:01 ..... finished mapping
May 15 15:07:01 ..... finished successfully
May 15 15:08:28 ..... finished mapping
May 15 15:08:29 ..... finished successfully
May 15 15:09:04 ..... finished mapping
May 15 15:09:05 ..... finished successfully
May 15 15:10:11 ..... finished mapping
May 15 15:10:11 ..... finished successfully
May 15 15:10:24 ..... finished mapping
May 15 15:10:24 ..... finished successfully
May 15 15:10:37 ..... finished mapping
May 15 15:10:38 ..... finished successfully
May 15 15:12:52 ..... finished mapping
May 15 15:12:52 ..... finished successfully
May 15 15:14:51 ..... finished mapping
May 15 15:14:52 ..... finished successfully
[2026-05-15 15:14:53] STEP 8 — samtools sort + index
[bam_sort_core] merging from 9 files and 4 in-memory blocks...
[bam_sort_core] merging from 12 files and 4 in-memory blocks...
[bam_sort_core] merging from 9 files and 4 in-memory blocks...
[bam_sort_core] merging from 11 files and 4 in-memory blocks...
[bam_sort_core] merging from 11 files and 4 in-memory blocks...
[bam_sort_core] merging from 13 files and 4 in-memory blocks...
[bam_sort_core] merging from 13 files and 4 in-memory blocks...
[bam_sort_core] merging from 16 files and 4 in-memory blocks...
[bam_sort_core] merging from 10 files and 4 in-memory blocks...
[2026-05-15 15:21:47] STEP 9 — MultiQC alignments
[2026-05-15 15:22:01] STEP 9b — STAR alignment summary
[collect_star_qc.sh] Written: /home/micgdu/Analysis/Malewicz_LYAR/RNAseqAnalysis//07_qc/star/star_alignment_summary.tsv
[2026-05-15 15:22:01] STEP 10 — bam_to_bedgraph.R
[bam_to_bedgraph.R] KO_12_1  strand=reverse
Error in loadNamespace(x) : there is no package called ‘R.utils’
Calls: loadNamespace -> withRestarts -> withOneRestart -> doWithOneRestart
Execution halted
[2026-05-15 15:42:14] STEP 0 — Preflight checks

── 1. Core tools ────────────────────────────────────────
  [ OK ] STAR
  [ OK ] samtools
  [ OK ] bedtools
  [ OK ] fastqc
  [ OK ] trim_galore
  [ OK ] fastqc
  [ OK ] multiqc
  [ OK ] Rscript

── 2. bedGraphToBigWig ────────────────────────────────────────
  [ OK ] bedGraphToBigWig: /home/micgdu/kentutils//bedGraphToBigWig

── 3. R packages ────────────────────────────────────────
  [ OK ] R: DESeq2
  [ OK ] R: apeglm
  [ OK ] R: Rsamtools
  [ OK ] R: GenomicAlignments
  [ OK ] R: rtracklayer
  [ OK ] R: GenomicFeatures
  [ OK ] R: GenomicRanges
  [ OK ] R: vsn
  [ OK ] R: pheatmap
  [ OK ] R: RColorBrewer
  [ OK ] R: ggplot2
  [ OK ] R: data.table
  [ OK ] R: optparse
  [ OK ] R: knitr
  [ OK ] R: kableExtra
  [ OK ] R: rmarkdown

── 4. RSeQC ────────────────────────────────────────
  [ OK ] RSeQC: infer_experiment.py (PATH)
  [ OK ] RSeQC: read_distribution.py (PATH)
  [ OK ] RSeQC: geneBody_coverage.py (PATH)
  [ OK ] RSeQC: junction_annotation.py (PATH)
  [ OK ] RSeQC: junction_saturation.py (PATH)

── 5. RSeQC BED ────────────────────────────────────────
  [ OK ] RSEQC_BED: /home/micgdu/GenomicData/genomesDec2022/gencode.v42.primary_assembly.annotation.bed

── 6. Genome files ────────────────────────────────────────
  [ OK ] STAR index: /home/micgdu/GenomicData/genomicIndices/hsapiens/STAR/STAR-2.7.11b_GRCh38_150bp
  [ OK ] GTF: /home/micgdu/GenomicData/genomesDec2022/gencode.v42.primary_assembly.annotation.gtf
  [ OK ] chrom.sizes: /home/micgdu/GenomicData/genomesDec2022/hs38n.chrom.sizes

── 7. Samplesheet ────────────────────────────────────────
  [ OK ] Samplesheet: 9 samples

════════════════════════════════════════
Preflight: 0 FAIL  0 WARN
════════════════════════════════════════
Preflight passed.
[2026-05-15 15:42:55] STEP 1 — Output: /home/micgdu/Analysis/Malewicz_LYAR/RNAseqAnalysis/
[2026-05-15 15:42:55] Loaded 9 samples  layout=PE  species=human
[2026-05-15 15:42:55] SKIP — STEP 2 — FastQC raw (output exists; set FORCE_RERUN=1 to rerun)
[2026-05-15 15:42:55] SKIP — STEP 3 — MultiQC raw (output exists; set FORCE_RERUN=1 to rerun)
[2026-05-15 15:42:55] SKIP — STEP 4 — TrimGalore (output exists; set FORCE_RERUN=1 to rerun)
[2026-05-15 15:42:55] SKIP — STEP 5+6 — FastQC/MultiQC trimmed (output exists; set FORCE_RERUN=1 to rerun)
[2026-05-15 15:42:55] SKIP — STEP 7 — STAR alignment (output exists; set FORCE_RERUN=1 to rerun)
[2026-05-15 15:42:55] SKIP — STEP 8 — samtools sort+index (output exists; set FORCE_RERUN=1 to rerun)
[2026-05-15 15:42:55] SKIP — STEP 9 — MultiQC alignments (output exists; set FORCE_RERUN=1 to rerun)
[2026-05-15 15:42:55] SKIP — STEP 9b — STAR alignment summary (output exists; set FORCE_RERUN=1 to rerun)
[2026-05-15 15:42:55] STEP 10 — bam_to_bedgraph.R
[bam_to_bedgraph.R] KO_12_1  strand=reverse
[bam_to_bedgraph.R] KO_12_2  strand=reverse
Terminated
[2026-05-15 16:35:00] STEP 0 — Preflight checks

── 1. Core tools ────────────────────────────────────────
  [ OK ] STAR
  [ OK ] samtools
  [ OK ] bedtools
  [ OK ] fastqc
  [ OK ] trim_galore
  [ OK ] fastqc
  [ OK ] multiqc
  [ OK ] Rscript

── 2. bedGraphToBigWig ────────────────────────────────────────
  [ OK ] bedGraphToBigWig: /home/micgdu/kentutils//bedGraphToBigWig

── 3. R packages ────────────────────────────────────────
  [ OK ] R: DESeq2
  [ OK ] R: apeglm
  [ OK ] R: Rsamtools
  [ OK ] R: GenomicAlignments
  [ OK ] R: rtracklayer
  [ OK ] R: GenomicFeatures
  [ OK ] R: GenomicRanges
  [ OK ] R: vsn
  [ OK ] R: pheatmap
  [ OK ] R: RColorBrewer
  [ OK ] R: ggplot2
  [ OK ] R: data.table
  [ OK ] R: optparse
  [ OK ] R: knitr
  [ OK ] R: kableExtra
  [ OK ] R: rmarkdown

── 4. RSeQC ────────────────────────────────────────
  [ OK ] RSeQC: infer_experiment.py (PATH)
  [ OK ] RSeQC: read_distribution.py (PATH)
  [ OK ] RSeQC: geneBody_coverage.py (PATH)
  [ OK ] RSeQC: junction_annotation.py (PATH)
  [ OK ] RSeQC: junction_saturation.py (PATH)

── 5. RSeQC BED ────────────────────────────────────────
  [ OK ] RSEQC_BED: /home/micgdu/GenomicData/genomesDec2022/gencode.v42.primary_assembly.annotation.bed

── 6. Genome files ────────────────────────────────────────
  [ OK ] STAR index: /home/micgdu/GenomicData/genomicIndices/hsapiens/STAR/STAR-2.7.11b_GRCh38_150bp
  [ OK ] GTF: /home/micgdu/GenomicData/genomesDec2022/gencode.v42.primary_assembly.annotation.gtf
  [ OK ] chrom.sizes: /home/micgdu/GenomicData/genomesDec2022/hs38n.chrom.sizes

── 7. Samplesheet ────────────────────────────────────────
  [ OK ] Samplesheet: 9 samples

════════════════════════════════════════
Preflight: 0 FAIL  0 WARN
════════════════════════════════════════
Preflight passed.
[2026-05-15 16:35:44] STEP 1 — Output: /home/micgdu/Analysis/Malewicz_LYAR/RNAseqAnalysis/
[2026-05-15 16:35:44] Loaded 9 samples  layout=PE  species=human
[2026-05-15 16:35:44] SKIP — STEP 2 — FastQC raw (output exists; set FORCE_RERUN=1 to rerun)
[2026-05-15 16:35:44] SKIP — STEP 3 — MultiQC raw (output exists; set FORCE_RERUN=1 to rerun)
[2026-05-15 16:35:44] SKIP — STEP 4 — TrimGalore (output exists; set FORCE_RERUN=1 to rerun)
[2026-05-15 16:35:44] SKIP — STEP 5+6 — FastQC/MultiQC trimmed (output exists; set FORCE_RERUN=1 to rerun)
[2026-05-15 16:35:44] SKIP — STEP 7 — STAR alignment (output exists; set FORCE_RERUN=1 to rerun)
[2026-05-15 16:35:44] SKIP — STEP 8 — samtools sort+index (output exists; set FORCE_RERUN=1 to rerun)
[2026-05-15 16:35:44] SKIP — STEP 9 — MultiQC alignments (output exists; set FORCE_RERUN=1 to rerun)
[2026-05-15 16:35:44] SKIP — STEP 9b — STAR alignment summary (output exists; set FORCE_RERUN=1 to rerun)
[2026-05-15 16:35:44] STEP 10 — bam_to_bedgraph.R (parallel: 1 job per sample)
[bam_to_bedgraph.R] WT_8_1  strand=reverse  layout=PE
[bam_to_bedgraph.R] KO_12_2  strand=reverse  layout=PE
[bam_to_bedgraph.R] R_KO_1_2  strand=reverse  layout=PE
[bam_to_bedgraph.R] KO_12_3  strand=reverse  layout=PE
[bam_to_bedgraph.R] R_KO_1_3  strand=reverse  layout=PE
[bam_to_bedgraph.R] WT_8_2  strand=reverse  layout=PE
[bam_to_bedgraph.R] KO_12_1  strand=reverse  layout=PE
[bam_to_bedgraph.R] R_KO_1_1  strand=reverse  layout=PE
  Written: KO_12_3_FwdS.bedGraph.gz
  Written: WT_8_2_FwdS.bedGraph.gz
  Written: R_KO_1_3_FwdS.bedGraph.gz
  Written: WT_8_1_FwdS.bedGraph.gz
  Written: R_KO_1_2_FwdS.bedGraph.gz
  Written: KO_12_2_FwdS.bedGraph.gz
  Written: KO_12_1_FwdS.bedGraph.gz
  Written: R_KO_1_1_FwdS.bedGraph.gz
  Written: KO_12_3_RevS.bedGraph.gz
[bam_to_bedgraph.R] Done: KO_12_3
[bam_to_bedgraph.R] WT_8_3  strand=reverse  layout=PE
  Written: WT_8_2_RevS.bedGraph.gz
[bam_to_bedgraph.R] Done: WT_8_2
  Written: WT_8_1_RevS.bedGraph.gz
[bam_to_bedgraph.R] Done: WT_8_1
  Written: R_KO_1_3_RevS.bedGraph.gz
[bam_to_bedgraph.R] Done: R_KO_1_3
  Written: R_KO_1_2_RevS.bedGraph.gz
[bam_to_bedgraph.R] Done: R_KO_1_2
  Written: KO_12_2_RevS.bedGraph.gz
[bam_to_bedgraph.R] Done: KO_12_2
  Written: KO_12_1_RevS.bedGraph.gz
[bam_to_bedgraph.R] Done: KO_12_1
  Written: WT_8_3_FwdS.bedGraph.gz
  Written: R_KO_1_1_RevS.bedGraph.gz
[bam_to_bedgraph.R] Done: R_KO_1_1
  Written: WT_8_3_RevS.bedGraph.gz
[bam_to_bedgraph.R] Done: WT_8_3
[2026-05-15 16:54:17] STEP 10b — Strand consistency check
  [ OK ] KO_12_1  Fwd=62313069  Rev=62361486  Total=124674555  diff=0%
  [ OK ] KO_12_2  Fwd=61550046  Rev=61603247  Total=123153293  diff=0%
  [ OK ] KO_12_3  Fwd=41388502  Rev=41405225  Total=82793727  diff=0%
  [ OK ] R_KO_1_1  Fwd=76304898  Rev=76327040  Total=152631938  diff=0%
  [ OK ] R_KO_1_2  Fwd=58035023  Rev=57995190  Total=116030213  diff=0%
  [ OK ] R_KO_1_3  Fwd=53051384  Rev=53099934  Total=106151318  diff=0%
  [ OK ] WT_8_1  Fwd=51110612  Rev=51173578  Total=102284190  diff=0%
  [ OK ] WT_8_2  Fwd=43066734  Rev=43084185  Total=86150919  diff=0%
  [ OK ] WT_8_3  Fwd=46923385  Rev=46996149  Total=93919534  diff=0%

[check_strand_consistency.sh] All stranded samples passed.
[2026-05-15 17:06:19] STEP 10c — RSeQC RNA-seq QC
[run_rnaseq_qc.sh] Starting per-sample RSeQC (9 samples)...
[run_rnaseq_qc.sh] Per-sample modules done.
[run_rnaseq_qc.sh] geneBody_coverage on merged BAM...
[run_rnaseq_qc.sh] Done. Outputs: /home/micgdu/Analysis/Malewicz_LYAR/RNAseqAnalysis//07_qc/rseqc/
[2026-05-16 09:27:48] STEP 10c — MultiQC RSeQC
[2026-05-16 09:27:54] STEP 11 — DESeq2 normalization
Error in check_duplicate_names(x) : 
  x has duplicated column names [count.x, count.y]. Please remove or rename the duplicates and try again.
Calls: Reduce ... check_duplicate_names -> stopf -> raise_condition -> signal
In addition: Warning message:
In merge.data.table(a, b, by = "gene") :
  column names [count.x, count.y] are duplicated in the result
Execution halted
